Started GET "/" for ::1 at 2020-06-25 15:01:45 -0400
DEPRECATION WARNING: ActiveRecord::Base.raise_in_transactional_callbacks= is deprecated, has no effect and will be removed without replacement. (called from block (3 levels) in <class:Railtie> at /Users/austinwong/.rbenv/versions/2.5.1/lib/ruby/gems/2.5.0/gems/activerecord-5.0.7.2/lib/active_record/railtie.rb:113)
Processing by StaticPagesController#index as HTML
  Rendering static_pages/index.html.erb within layouts/application
  Rendered shared/_main_nav.html.erb (2.1ms)
  Rendered shared/_masthead.html.erb (0.5ms)
  Rendered shared/_sections_nav.html.erb (1.3ms)
  Rendered shared/_search_modal.html.erb (0.5ms)
  Rendered shared/_main_content.html.erb (0.8ms)
  Rendered static_pages/index.html.erb within layouts/application (56.0ms)
Completed 200 OK in 1169ms (Views: 1162.4ms | ActiveRecord: 0.0ms)


Started GET "/assets/application.self-f2f107bc6f502a47335b144c1ce24c24867286058a58aea97e5b526553c2c4f3.css?body=1" for ::1 at 2020-06-25 15:01:47 -0400
Started GET "/assets/jquery.self-bd7ddd393353a8d2480a622e80342adf488fb6006d667e8b42e4c0073393abee.js?body=1" for ::1 at 2020-06-25 15:01:47 -0400
Started GET "/assets/jquery_ujs.self-784a997f6726036b1993eb2217c9cb558e1cbb801c6da88105588c56f13b466a.js?body=1" for ::1 at 2020-06-25 15:01:47 -0400
Started GET "/assets/application.self-f571b9db02bf4ed04c38a6a29072ac382f7d4f47db1fab9817aeadb0d8665235.js?body=1" for ::1 at 2020-06-25 15:01:47 -0400
Started GET "/assets/components/dropdown.self-815016af6fab1d5b72abd319213bf62f0c42bab2c585d2e059543ae704a0d74c.js?body=1" for ::1 at 2020-06-25 15:01:47 -0400
Started GET "/assets/components/modal.self-52188644dbb47def5ee35ae02e69eb567ca9b664472357a8a5789dd39032a265.js?body=1" for ::1 at 2020-06-25 15:01:47 -0400
Started GET "/assets/components/sidebar.self-2a1277f850a6fa21e1a974ef5152f177ac05516477d5081d593bb137b3d6808b.js?body=1" for ::1 at 2020-06-25 15:01:47 -0400
Started GET "/" for ::1 at 2020-06-25 15:02:23 -0400
Processing by StaticPagesController#index as HTML
  Rendering static_pages/index.html.erb within layouts/application
  Rendered shared/_main_nav.html.erb (0.8ms)
  Rendered shared/_masthead.html.erb (2.1ms)
  Rendered shared/_sections_nav.html.erb (3.3ms)
  Rendered shared/_search_modal.html.erb (0.5ms)
  Rendered shared/_main_content.html.erb (0.7ms)
  Rendered static_pages/index.html.erb within layouts/application (77.3ms)
Completed 200 OK in 185ms (Views: 173.1ms | ActiveRecord: 0.0ms)


Started GET "/" for ::1 at 2020-06-25 15:04:05 -0400
Processing by StaticPagesController#index as HTML
  Rendering static_pages/index.html.erb within layouts/application
  Rendered shared/_main_nav.html.erb (0.6ms)
  Rendered shared/_masthead.html.erb (0.5ms)
  Rendered shared/_sections_nav.html.erb (1.6ms)
  Rendered shared/_search_modal.html.erb (0.6ms)
  Rendered shared/_main_content.html.erb (0.4ms)
  Rendered static_pages/index.html.erb within layouts/application (157.2ms)
Completed 200 OK in 316ms (Views: 304.2ms | ActiveRecord: 0.0ms)


Started GET "/" for ::1 at 2020-06-25 15:07:58 -0400
Processing by StaticPagesController#index as HTML
  Rendering static_pages/index.html.erb within layouts/application
  Rendered shared/_main_nav.html.erb (1.9ms)
  Rendered shared/_masthead.html.erb (1.6ms)
  Rendered shared/_sections_nav.html.erb (0.8ms)
  Rendered shared/_search_modal.html.erb (0.7ms)
  Rendered shared/_main_content.html.erb (1.2ms)
  Rendered static_pages/index.html.erb within layouts/application (51.5ms)
Completed 200 OK in 321ms (Views: 313.3ms | ActiveRecord: 0.0ms)


Started GET "/" for ::1 at 2020-06-25 15:08:00 -0400
Processing by StaticPagesController#index as HTML
  Rendering static_pages/index.html.erb within layouts/application
  Rendered shared/_main_nav.html.erb (1.2ms)
  Rendered shared/_masthead.html.erb (0.6ms)
  Rendered shared/_sections_nav.html.erb (0.9ms)
  Rendered shared/_search_modal.html.erb (0.8ms)
  Rendered shared/_main_content.html.erb (0.5ms)
  Rendered static_pages/index.html.erb within layouts/application (71.9ms)
Completed 200 OK in 172ms (Views: 162.3ms | ActiveRecord: 0.0ms)


Started GET "/" for ::1 at 2020-06-25 15:09:32 -0400
Processing by StaticPagesController#index as HTML
  Rendering static_pages/index.html.erb within layouts/application
  Rendered shared/_main_nav.html.erb (5.1ms)
  Rendered shared/_masthead.html.erb (1.8ms)
  Rendered shared/_sections_nav.html.erb (0.6ms)
  Rendered shared/_search_modal.html.erb (12.3ms)
  Rendered shared/_main_content.html.erb (1.0ms)
  Rendered static_pages/index.html.erb within layouts/application (79.4ms)
Completed 200 OK in 284ms (Views: 275.9ms | ActiveRecord: 0.0ms)


Started GET "/assets/application.self-f2f107bc6f502a47335b144c1ce24c24867286058a58aea97e5b526553c2c4f3.css?body=1&livereload=1593112357961" for ::1 at 2020-06-25 15:12:37 -0400
Started GET "/assets/application.self-f2f107bc6f502a47335b144c1ce24c24867286058a58aea97e5b526553c2c4f3.css?body=1&livereload=1593112357970" for ::1 at 2020-06-25 15:12:37 -0400
Started GET "/assets/application.self-f2f107bc6f502a47335b144c1ce24c24867286058a58aea97e5b526553c2c4f3.css?body=1&livereload=1593112413858" for ::1 at 2020-06-25 15:13:33 -0400
Started GET "/assets/application.self-f2f107bc6f502a47335b144c1ce24c24867286058a58aea97e5b526553c2c4f3.css?body=1&livereload=1593112413860" for ::1 at 2020-06-25 15:13:33 -0400
Started GET "/assets/application.self-f2f107bc6f502a47335b144c1ce24c24867286058a58aea97e5b526553c2c4f3.css?body=1&livereload=1593112418009" for ::1 at 2020-06-25 15:13:38 -0400
Started GET "/assets/application.self-f2f107bc6f502a47335b144c1ce24c24867286058a58aea97e5b526553c2c4f3.css?body=1&livereload=1593112418011" for ::1 at 2020-06-25 15:13:38 -0400
Started GET "/" for ::1 at 2020-06-25 15:13:40 -0400
Processing by StaticPagesController#index as HTML
  Rendering static_pages/index.html.erb within layouts/application
  Rendered shared/_main_nav.html.erb (0.6ms)
  Rendered shared/_masthead.html.erb (0.5ms)
  Rendered shared/_sections_nav.html.erb (0.7ms)
  Rendered shared/_search_modal.html.erb (0.6ms)
  Rendered shared/_main_content.html.erb (0.6ms)
  Rendered static_pages/index.html.erb within layouts/application (49.3ms)
Completed 200 OK in 206ms (Views: 201.0ms | ActiveRecord: 0.0ms)


Started GET "/assets/application.self-a5bd4a6025c8c6f68a45d39b91398901c82733dbd360385036f3c73a7cbc20fd.css?body=1" for ::1 at 2020-06-25 15:13:41 -0400
Started GET "/assets/application.self-a5bd4a6025c8c6f68a45d39b91398901c82733dbd360385036f3c73a7cbc20fd.css?body=1&livereload=1593112470822" for ::1 at 2020-06-25 15:14:30 -0400
Started GET "/assets/application.self-a5bd4a6025c8c6f68a45d39b91398901c82733dbd360385036f3c73a7cbc20fd.css?body=1&livereload=1593112470832" for ::1 at 2020-06-25 15:14:30 -0400
Started GET "/assets/application.self-a5bd4a6025c8c6f68a45d39b91398901c82733dbd360385036f3c73a7cbc20fd.css?body=1&livereload=1593112516099" for ::1 at 2020-06-25 15:15:16 -0400
Started GET "/assets/application.self-a5bd4a6025c8c6f68a45d39b91398901c82733dbd360385036f3c73a7cbc20fd.css?body=1&livereload=1593112516102" for ::1 at 2020-06-25 15:15:16 -0400
Started GET "/assets/application.self-a5bd4a6025c8c6f68a45d39b91398901c82733dbd360385036f3c73a7cbc20fd.css?body=1&livereload=1593112641855" for ::1 at 2020-06-25 15:17:21 -0400
Started GET "/assets/application.self-a5bd4a6025c8c6f68a45d39b91398901c82733dbd360385036f3c73a7cbc20fd.css?body=1&livereload=1593112641852" for ::1 at 2020-06-25 15:17:21 -0400
Started GET "/assets/application.self-a5bd4a6025c8c6f68a45d39b91398901c82733dbd360385036f3c73a7cbc20fd.css?body=1&livereload=1593112655921" for ::1 at 2020-06-25 15:17:35 -0400
Started GET "/assets/application.self-a5bd4a6025c8c6f68a45d39b91398901c82733dbd360385036f3c73a7cbc20fd.css?body=1&livereload=1593112655927" for ::1 at 2020-06-25 15:17:35 -0400
Started GET "/assets/application.self-a5bd4a6025c8c6f68a45d39b91398901c82733dbd360385036f3c73a7cbc20fd.css?body=1&livereload=1593112690296" for ::1 at 2020-06-25 15:18:10 -0400
Started GET "/assets/application.self-a5bd4a6025c8c6f68a45d39b91398901c82733dbd360385036f3c73a7cbc20fd.css?body=1&livereload=1593112690299" for ::1 at 2020-06-25 15:18:10 -0400
Started GET "/assets/application.self-a5bd4a6025c8c6f68a45d39b91398901c82733dbd360385036f3c73a7cbc20fd.css?body=1&livereload=1593112872514" for ::1 at 2020-06-25 15:21:12 -0400
Started GET "/assets/application.self-a5bd4a6025c8c6f68a45d39b91398901c82733dbd360385036f3c73a7cbc20fd.css?body=1&livereload=1593112872519" for ::1 at 2020-06-25 15:21:12 -0400
Started GET "/assets/application.self-a5bd4a6025c8c6f68a45d39b91398901c82733dbd360385036f3c73a7cbc20fd.css?body=1&livereload=1593113345708" for ::1 at 2020-06-25 15:29:05 -0400
Started GET "/assets/application.self-a5bd4a6025c8c6f68a45d39b91398901c82733dbd360385036f3c73a7cbc20fd.css?body=1&livereload=1593113345712" for ::1 at 2020-06-25 15:29:05 -0400
Started GET "/" for ::1 at 2020-06-25 15:29:08 -0400
Processing by StaticPagesController#index as HTML
  Rendering static_pages/index.html.erb within layouts/application
  Rendered shared/_main_nav.html.erb (0.7ms)
  Rendered shared/_masthead.html.erb (0.5ms)
  Rendered shared/_sections_nav.html.erb (0.5ms)
  Rendered shared/_search_modal.html.erb (2.9ms)
  Rendered shared/_main_content.html.erb (0.6ms)
  Rendered static_pages/index.html.erb within layouts/application (69.8ms)
Completed 500 Internal Server Error in 313ms (ActiveRecord: 0.0ms)


DEPRECATION WARNING: #original_exception is deprecated. Use #cause instead. (called from initialize at /Users/austinwong/.rbenv/versions/2.5.1/lib/ruby/gems/2.5.0/gems/better_errors-2.7.1/lib/better_errors/raised_exception.rb:7)
DEPRECATION WARNING: #original_exception is deprecated. Use #cause instead. (called from initialize at /Users/austinwong/.rbenv/versions/2.5.1/lib/ruby/gems/2.5.0/gems/better_errors-2.7.1/lib/better_errors/raised_exception.rb:9)

Sass::SyntaxError - Invalid CSS after "	border-color": expected ";", was ":":
  app/views/layouts/application.html.erb:7:in `_app_views_layouts_application_html_erb__2029885097543664084_70309963537340'

Started POST "/__better_errors/f88aa682ae741235/variables" for ::1 at 2020-06-25 15:29:09 -0400
Started GET "/" for ::1 at 2020-06-25 15:29:47 -0400
Processing by StaticPagesController#index as HTML
  Rendering static_pages/index.html.erb within layouts/application
  Rendered shared/_main_nav.html.erb (0.6ms)
  Rendered shared/_masthead.html.erb (0.5ms)
  Rendered shared/_sections_nav.html.erb (0.5ms)
  Rendered shared/_search_modal.html.erb (0.8ms)
  Rendered shared/_main_content.html.erb (0.7ms)
  Rendered static_pages/index.html.erb within layouts/application (36.3ms)
Completed 200 OK in 328ms (Views: 319.2ms | ActiveRecord: 0.0ms)


Started GET "/assets/application.self-e2f3534727fc4ef4b3cca7c3d5312c14c2975051b694880199fba4d7820f7e9c.css?body=1" for ::1 at 2020-06-25 15:29:47 -0400
Started GET "/assets/application.self-e2f3534727fc4ef4b3cca7c3d5312c14c2975051b694880199fba4d7820f7e9c.css?body=1&livereload=1593113501307" for ::1 at 2020-06-25 15:31:41 -0400
Started GET "/assets/application.self-e2f3534727fc4ef4b3cca7c3d5312c14c2975051b694880199fba4d7820f7e9c.css?body=1&livereload=1593113501312" for ::1 at 2020-06-25 15:31:41 -0400
Started GET "/assets/application.self-e2f3534727fc4ef4b3cca7c3d5312c14c2975051b694880199fba4d7820f7e9c.css?body=1&livereload=1593113705907" for ::1 at 2020-06-25 15:35:06 -0400
Started GET "/assets/application.self-e2f3534727fc4ef4b3cca7c3d5312c14c2975051b694880199fba4d7820f7e9c.css?body=1&livereload=1593113705915" for ::1 at 2020-06-25 15:35:06 -0400
Started GET "/assets/application.self-e2f3534727fc4ef4b3cca7c3d5312c14c2975051b694880199fba4d7820f7e9c.css?body=1&livereload=1593113747405" for ::1 at 2020-06-25 15:35:47 -0400
Started GET "/assets/application.self-e2f3534727fc4ef4b3cca7c3d5312c14c2975051b694880199fba4d7820f7e9c.css?body=1&livereload=1593113747409" for ::1 at 2020-06-25 15:35:47 -0400
Started GET "/assets/application.self-e2f3534727fc4ef4b3cca7c3d5312c14c2975051b694880199fba4d7820f7e9c.css?body=1&livereload=1593113794142" for ::1 at 2020-06-25 15:36:34 -0400
Started GET "/assets/application.self-e2f3534727fc4ef4b3cca7c3d5312c14c2975051b694880199fba4d7820f7e9c.css?body=1&livereload=1593113794147" for ::1 at 2020-06-25 15:36:34 -0400
Started GET "/" for ::1 at 2020-06-25 15:36:37 -0400
Processing by StaticPagesController#index as HTML
  Rendering static_pages/index.html.erb within layouts/application
  Rendered shared/_main_nav.html.erb (0.5ms)
  Rendered shared/_masthead.html.erb (0.6ms)
  Rendered shared/_sections_nav.html.erb (0.9ms)
  Rendered shared/_search_modal.html.erb (0.8ms)
  Rendered shared/_main_content.html.erb (0.8ms)
  Rendered static_pages/index.html.erb within layouts/application (48.9ms)
Completed 200 OK in 158ms (Views: 147.6ms | ActiveRecord: 0.0ms)


Started GET "/assets/application.self-db5cd9631be92e4d153d145ba868e83c30ccc95706f03eeb8d6e9bc034ff290d.css?body=1" for ::1 at 2020-06-25 15:36:37 -0400
Started GET "/assets/application.self-db5cd9631be92e4d153d145ba868e83c30ccc95706f03eeb8d6e9bc034ff290d.css?body=1&livereload=1593114031364" for ::1 at 2020-06-25 15:40:31 -0400
Started GET "/assets/application.self-db5cd9631be92e4d153d145ba868e83c30ccc95706f03eeb8d6e9bc034ff290d.css?body=1&livereload=1593114031373" for ::1 at 2020-06-25 15:40:31 -0400
Started GET "/" for ::1 at 2020-06-25 15:40:36 -0400
Processing by StaticPagesController#index as HTML
  Rendering static_pages/index.html.erb within layouts/application
  Rendered shared/_main_nav.html.erb (1.3ms)
  Rendered shared/_masthead.html.erb (0.5ms)
  Rendered shared/_sections_nav.html.erb (0.6ms)
  Rendered shared/_search_modal.html.erb (0.8ms)
  Rendered shared/_main_content.html.erb (1.6ms)
  Rendered static_pages/index.html.erb within layouts/application (111.0ms)
Completed 200 OK in 228ms (Views: 220.8ms | ActiveRecord: 0.0ms)


Started GET "/assets/application.self-9336dc2e54c17af260876e5bce81916aed1ac9f8dd32af74e5be976f40f52117.css?body=1" for ::1 at 2020-06-25 15:40:36 -0400
Started GET "/assets/application.self-9336dc2e54c17af260876e5bce81916aed1ac9f8dd32af74e5be976f40f52117.css?body=1&livereload=1593114069895" for ::1 at 2020-06-25 15:41:09 -0400
Started GET "/assets/application.self-9336dc2e54c17af260876e5bce81916aed1ac9f8dd32af74e5be976f40f52117.css?body=1&livereload=1593114069899" for ::1 at 2020-06-25 15:41:09 -0400
Started GET "/" for ::1 at 2020-06-25 15:41:13 -0400
Processing by StaticPagesController#index as HTML
  Rendering static_pages/index.html.erb within layouts/application
  Rendered shared/_main_nav.html.erb (2.1ms)
  Rendered shared/_masthead.html.erb (0.4ms)
  Rendered shared/_sections_nav.html.erb (1.5ms)
  Rendered shared/_search_modal.html.erb (0.7ms)
  Rendered shared/_main_content.html.erb (0.6ms)
  Rendered static_pages/index.html.erb within layouts/application (54.3ms)
Completed 200 OK in 154ms (Views: 147.5ms | ActiveRecord: 0.0ms)


Started GET "/assets/application.self-58bceea19e66fc2a700c4bd9fc419864027690cfe12c43b67c85a452e17efa07.css?body=1" for ::1 at 2020-06-25 15:41:13 -0400
Started GET "/assets/application.self-58bceea19e66fc2a700c4bd9fc419864027690cfe12c43b67c85a452e17efa07.css?body=1&livereload=1593114256769" for ::1 at 2020-06-25 15:44:16 -0400
Started GET "/assets/application.self-58bceea19e66fc2a700c4bd9fc419864027690cfe12c43b67c85a452e17efa07.css?body=1&livereload=1593114256774" for ::1 at 2020-06-25 15:44:16 -0400
Started GET "/" for ::1 at 2020-06-25 15:44:19 -0400
Processing by StaticPagesController#index as HTML
  Rendering static_pages/index.html.erb within layouts/application
  Rendered shared/_main_nav.html.erb (0.7ms)
  Rendered shared/_masthead.html.erb (0.7ms)
  Rendered shared/_sections_nav.html.erb (1.6ms)
  Rendered shared/_search_modal.html.erb (0.6ms)
  Rendered shared/_main_content.html.erb (1.4ms)
  Rendered static_pages/index.html.erb within layouts/application (47.2ms)
Completed 200 OK in 272ms (Views: 260.1ms | ActiveRecord: 0.0ms)


Started GET "/assets/application.self-be6d9aa2db722040418054bb0e0e14f4b1a921db335203d6dd7918e1c814428d.css?body=1" for ::1 at 2020-06-25 15:44:19 -0400
Started GET "/assets/application.self-be6d9aa2db722040418054bb0e0e14f4b1a921db335203d6dd7918e1c814428d.css?body=1&livereload=1593114431413" for ::1 at 2020-06-25 15:47:11 -0400
Started GET "/assets/application.self-be6d9aa2db722040418054bb0e0e14f4b1a921db335203d6dd7918e1c814428d.css?body=1&livereload=1593114431440" for ::1 at 2020-06-25 15:47:11 -0400
Started GET "/assets/application.self-be6d9aa2db722040418054bb0e0e14f4b1a921db335203d6dd7918e1c814428d.css?body=1&livereload=1593114487775" for ::1 at 2020-06-25 15:48:07 -0400
Started GET "/assets/application.self-be6d9aa2db722040418054bb0e0e14f4b1a921db335203d6dd7918e1c814428d.css?body=1&livereload=1593114487780" for ::1 at 2020-06-25 15:48:07 -0400
Started GET "/assets/application.self-be6d9aa2db722040418054bb0e0e14f4b1a921db335203d6dd7918e1c814428d.css?body=1&livereload=1593114544737" for ::1 at 2020-06-25 15:49:04 -0400
Started GET "/assets/application.self-be6d9aa2db722040418054bb0e0e14f4b1a921db335203d6dd7918e1c814428d.css?body=1&livereload=1593114544743" for ::1 at 2020-06-25 15:49:04 -0400
Started GET "/assets/application.self-be6d9aa2db722040418054bb0e0e14f4b1a921db335203d6dd7918e1c814428d.css?body=1&livereload=1593114574807" for ::1 at 2020-06-25 15:49:34 -0400
Started GET "/assets/application.self-be6d9aa2db722040418054bb0e0e14f4b1a921db335203d6dd7918e1c814428d.css?body=1&livereload=1593114574802" for ::1 at 2020-06-25 15:49:34 -0400
Started GET "/assets/application.self-be6d9aa2db722040418054bb0e0e14f4b1a921db335203d6dd7918e1c814428d.css?body=1&livereload=1593114595927" for ::1 at 2020-06-25 15:49:55 -0400
Started GET "/assets/application.self-be6d9aa2db722040418054bb0e0e14f4b1a921db335203d6dd7918e1c814428d.css?body=1&livereload=1593114595931" for ::1 at 2020-06-25 15:49:56 -0400
Started GET "/" for ::1 at 2020-06-25 15:51:16 -0400
Processing by StaticPagesController#index as HTML
  Rendering static_pages/index.html.erb within layouts/application
  Rendered shared/_main_nav.html.erb (0.6ms)
  Rendered shared/_masthead.html.erb (0.9ms)
  Rendered shared/_sections_nav.html.erb (0.5ms)
  Rendered shared/_search_modal.html.erb (0.4ms)
  Rendered shared/_main_content.html.erb (0.8ms)
  Rendered static_pages/index.html.erb within layouts/application (58.2ms)
Completed 200 OK in 259ms (Views: 251.7ms | ActiveRecord: 0.0ms)


Started GET "/assets/application.self-f3ce39f37db9a6d5c41d270ea6f759d41f2cf46781fad57d2eac315c61f4cd68.css?body=1" for ::1 at 2020-06-25 15:51:17 -0400
Started GET "/assets/application.self-f3ce39f37db9a6d5c41d270ea6f759d41f2cf46781fad57d2eac315c61f4cd68.css?body=1&livereload=1593114696941" for ::1 at 2020-06-25 15:51:36 -0400
Started GET "/assets/application.self-f3ce39f37db9a6d5c41d270ea6f759d41f2cf46781fad57d2eac315c61f4cd68.css?body=1&livereload=1593114696934" for ::1 at 2020-06-25 15:51:36 -0400
Started GET "/" for ::1 at 2020-06-25 15:51:42 -0400
Processing by StaticPagesController#index as HTML
  Rendering static_pages/index.html.erb within layouts/application
  Rendered shared/_main_nav.html.erb (2.1ms)
  Rendered shared/_masthead.html.erb (0.5ms)
  Rendered shared/_sections_nav.html.erb (1.4ms)
  Rendered shared/_search_modal.html.erb (0.8ms)
  Rendered shared/_main_content.html.erb (0.9ms)
  Rendered static_pages/index.html.erb within layouts/application (58.1ms)
Completed 200 OK in 178ms (Views: 168.5ms | ActiveRecord: 0.0ms)


Started GET "/assets/application.self-305ee899cbd956dafb535fda88840c883caf181f2dc8d587f817800d8cce6159.css?body=1" for ::1 at 2020-06-25 15:51:43 -0400
Started GET "/" for ::1 at 2020-06-25 15:51:52 -0400
Processing by StaticPagesController#index as HTML
  Rendering static_pages/index.html.erb within layouts/application
  Rendered shared/_main_nav.html.erb (0.9ms)
  Rendered shared/_masthead.html.erb (0.7ms)
  Rendered shared/_sections_nav.html.erb (0.6ms)
  Rendered shared/_search_modal.html.erb (12.1ms)
  Rendered shared/_main_content.html.erb (0.5ms)
  Rendered static_pages/index.html.erb within layouts/application (112.5ms)
Completed 200 OK in 220ms (Views: 212.3ms | ActiveRecord: 0.0ms)


Started GET "/" for ::1 at 2020-06-25 15:52:22 -0400
Processing by StaticPagesController#index as HTML
  Rendering static_pages/index.html.erb within layouts/application
  Rendered shared/_main_nav.html.erb (0.6ms)
  Rendered shared/_masthead.html.erb (0.6ms)
  Rendered shared/_sections_nav.html.erb (1.5ms)
  Rendered shared/_search_modal.html.erb (0.8ms)
  Rendered shared/_main_content.html.erb (0.5ms)
  Rendered static_pages/index.html.erb within layouts/application (36.1ms)
Completed 200 OK in 122ms (Views: 112.9ms | ActiveRecord: 0.0ms)


Started GET "/" for ::1 at 2020-06-25 15:52:24 -0400
Processing by StaticPagesController#index as HTML
  Rendering static_pages/index.html.erb within layouts/application
  Rendered shared/_main_nav.html.erb (1.2ms)
  Rendered shared/_masthead.html.erb (0.7ms)
  Rendered shared/_sections_nav.html.erb (0.6ms)
  Rendered shared/_search_modal.html.erb (0.8ms)
  Rendered shared/_main_content.html.erb (0.5ms)
  Rendered static_pages/index.html.erb within layouts/application (40.7ms)
Completed 200 OK in 113ms (Views: 107.9ms | ActiveRecord: 0.0ms)


Started GET "/assets/application.self-305ee899cbd956dafb535fda88840c883caf181f2dc8d587f817800d8cce6159.css?body=1&livereload=1593114770657" for ::1 at 2020-06-25 15:52:50 -0400
Started GET "/assets/application.self-305ee899cbd956dafb535fda88840c883caf181f2dc8d587f817800d8cce6159.css?body=1&livereload=1593114770664" for ::1 at 2020-06-25 15:52:50 -0400
Started GET "/assets/application.self-305ee899cbd956dafb535fda88840c883caf181f2dc8d587f817800d8cce6159.css?body=1&livereload=1593114791691" for ::1 at 2020-06-25 15:53:11 -0400
Started GET "/assets/application.self-305ee899cbd956dafb535fda88840c883caf181f2dc8d587f817800d8cce6159.css?body=1&livereload=1593114791694" for ::1 at 2020-06-25 15:53:11 -0400
Started GET "/assets/application.self-305ee899cbd956dafb535fda88840c883caf181f2dc8d587f817800d8cce6159.css?body=1&livereload=1593115418119" for ::1 at 2020-06-25 16:03:38 -0400
Started GET "/assets/application.self-305ee899cbd956dafb535fda88840c883caf181f2dc8d587f817800d8cce6159.css?body=1&livereload=1593115418124" for ::1 at 2020-06-25 16:03:38 -0400
Started GET "/assets/application.self-305ee899cbd956dafb535fda88840c883caf181f2dc8d587f817800d8cce6159.css?body=1&livereload=1593115469399" for ::1 at 2020-06-25 16:04:29 -0400
Started GET "/assets/application.self-305ee899cbd956dafb535fda88840c883caf181f2dc8d587f817800d8cce6159.css?body=1&livereload=1593115469402" for ::1 at 2020-06-25 16:04:29 -0400
Started GET "/assets/application.self-305ee899cbd956dafb535fda88840c883caf181f2dc8d587f817800d8cce6159.css?body=1&livereload=1593116075051" for ::1 at 2020-06-25 16:14:35 -0400
Started GET "/assets/application.self-305ee899cbd956dafb535fda88840c883caf181f2dc8d587f817800d8cce6159.css?body=1&livereload=1593116075058" for ::1 at 2020-06-25 16:14:35 -0400
Started GET "/" for ::1 at 2020-06-25 16:14:38 -0400
Processing by StaticPagesController#index as HTML
  Rendering static_pages/index.html.erb within layouts/application
  Rendered shared/_main_nav.html.erb (4.4ms)
  Rendered shared/_masthead.html.erb (3.0ms)
  Rendered shared/_sections_nav.html.erb (0.6ms)
  Rendered shared/_search_modal.html.erb (0.7ms)
  Rendered shared/_main_content.html.erb (5.1ms)
  Rendered static_pages/index.html.erb within layouts/application (111.3ms)
Completed 200 OK in 318ms (Views: 277.9ms | ActiveRecord: 0.0ms)


Started GET "/assets/application.self-b96490444ae3d6aa74eeb76b3a5ef49d37c663dc9d0b9e6425e01f98de0ab56c.css?body=1" for ::1 at 2020-06-25 16:14:38 -0400
Started GET "/assets/application.self-b96490444ae3d6aa74eeb76b3a5ef49d37c663dc9d0b9e6425e01f98de0ab56c.css?body=1&livereload=1593116151571" for ::1 at 2020-06-25 16:15:51 -0400
Started GET "/assets/application.self-b96490444ae3d6aa74eeb76b3a5ef49d37c663dc9d0b9e6425e01f98de0ab56c.css?body=1&livereload=1593116151576" for ::1 at 2020-06-25 16:15:51 -0400
Started GET "/assets/application.self-b96490444ae3d6aa74eeb76b3a5ef49d37c663dc9d0b9e6425e01f98de0ab56c.css?body=1&livereload=1593116291215" for ::1 at 2020-06-25 16:18:11 -0400
Started GET "/assets/application.self-b96490444ae3d6aa74eeb76b3a5ef49d37c663dc9d0b9e6425e01f98de0ab56c.css?body=1&livereload=1593116291219" for ::1 at 2020-06-25 16:18:11 -0400
Started GET "/assets/application.self-b96490444ae3d6aa74eeb76b3a5ef49d37c663dc9d0b9e6425e01f98de0ab56c.css?body=1&livereload=1593116301856" for ::1 at 2020-06-25 16:18:21 -0400
Started GET "/assets/application.self-b96490444ae3d6aa74eeb76b3a5ef49d37c663dc9d0b9e6425e01f98de0ab56c.css?body=1&livereload=1593116301849" for ::1 at 2020-06-25 16:18:21 -0400
Started GET "/assets/application.self-b96490444ae3d6aa74eeb76b3a5ef49d37c663dc9d0b9e6425e01f98de0ab56c.css?body=1&livereload=1593116467655" for ::1 at 2020-06-25 16:21:07 -0400
Started GET "/assets/application.self-b96490444ae3d6aa74eeb76b3a5ef49d37c663dc9d0b9e6425e01f98de0ab56c.css?body=1&livereload=1593116467665" for ::1 at 2020-06-25 16:21:07 -0400
Started GET "/assets/application.self-b96490444ae3d6aa74eeb76b3a5ef49d37c663dc9d0b9e6425e01f98de0ab56c.css?body=1&livereload=1593116477157" for ::1 at 2020-06-25 16:21:17 -0400
Started GET "/assets/application.self-b96490444ae3d6aa74eeb76b3a5ef49d37c663dc9d0b9e6425e01f98de0ab56c.css?body=1&livereload=1593116477161" for ::1 at 2020-06-25 16:21:17 -0400
Started GET "/assets/application.self-b96490444ae3d6aa74eeb76b3a5ef49d37c663dc9d0b9e6425e01f98de0ab56c.css?body=1&livereload=1593116622672" for ::1 at 2020-06-25 16:23:42 -0400
Started GET "/assets/application.self-b96490444ae3d6aa74eeb76b3a5ef49d37c663dc9d0b9e6425e01f98de0ab56c.css?body=1&livereload=1593116622665" for ::1 at 2020-06-25 16:23:42 -0400
Started GET "/assets/application.self-b96490444ae3d6aa74eeb76b3a5ef49d37c663dc9d0b9e6425e01f98de0ab56c.css?body=1&livereload=1593116669773" for ::1 at 2020-06-25 16:24:29 -0400
Started GET "/assets/application.self-b96490444ae3d6aa74eeb76b3a5ef49d37c663dc9d0b9e6425e01f98de0ab56c.css?body=1&livereload=1593116669776" for ::1 at 2020-06-25 16:24:29 -0400
Started GET "/assets/application.self-b96490444ae3d6aa74eeb76b3a5ef49d37c663dc9d0b9e6425e01f98de0ab56c.css?body=1&livereload=1593116682389" for ::1 at 2020-06-25 16:24:42 -0400
Started GET "/assets/application.self-b96490444ae3d6aa74eeb76b3a5ef49d37c663dc9d0b9e6425e01f98de0ab56c.css?body=1&livereload=1593116682392" for ::1 at 2020-06-25 16:24:42 -0400
Started GET "/assets/application.self-b96490444ae3d6aa74eeb76b3a5ef49d37c663dc9d0b9e6425e01f98de0ab56c.css?body=1&livereload=1593116710697" for ::1 at 2020-06-25 16:25:10 -0400
Started GET "/assets/application.self-b96490444ae3d6aa74eeb76b3a5ef49d37c663dc9d0b9e6425e01f98de0ab56c.css?body=1&livereload=1593116710692" for ::1 at 2020-06-25 16:25:10 -0400
Started GET "/assets/application.self-b96490444ae3d6aa74eeb76b3a5ef49d37c663dc9d0b9e6425e01f98de0ab56c.css?body=1&livereload=1593116745018" for ::1 at 2020-06-25 16:25:45 -0400
Started GET "/assets/application.self-b96490444ae3d6aa74eeb76b3a5ef49d37c663dc9d0b9e6425e01f98de0ab56c.css?body=1&livereload=1593116745023" for ::1 at 2020-06-25 16:25:45 -0400
Started GET "/assets/application.self-b96490444ae3d6aa74eeb76b3a5ef49d37c663dc9d0b9e6425e01f98de0ab56c.css?body=1&livereload=1593116786857" for ::1 at 2020-06-25 16:26:26 -0400
Started GET "/assets/application.self-b96490444ae3d6aa74eeb76b3a5ef49d37c663dc9d0b9e6425e01f98de0ab56c.css?body=1&livereload=1593116786860" for ::1 at 2020-06-25 16:26:26 -0400
Started GET "/assets/application.self-b96490444ae3d6aa74eeb76b3a5ef49d37c663dc9d0b9e6425e01f98de0ab56c.css?body=1&livereload=1593116814036" for ::1 at 2020-06-25 16:26:54 -0400
Started GET "/assets/application.self-b96490444ae3d6aa74eeb76b3a5ef49d37c663dc9d0b9e6425e01f98de0ab56c.css?body=1&livereload=1593116814040" for ::1 at 2020-06-25 16:26:54 -0400
Started GET "/assets/application.self-b96490444ae3d6aa74eeb76b3a5ef49d37c663dc9d0b9e6425e01f98de0ab56c.css?body=1&livereload=1593116826206" for ::1 at 2020-06-25 16:27:06 -0400
Started GET "/assets/application.self-b96490444ae3d6aa74eeb76b3a5ef49d37c663dc9d0b9e6425e01f98de0ab56c.css?body=1&livereload=1593116826217" for ::1 at 2020-06-25 16:27:06 -0400
Started GET "/assets/application.self-b96490444ae3d6aa74eeb76b3a5ef49d37c663dc9d0b9e6425e01f98de0ab56c.css?body=1&livereload=1593116834724" for ::1 at 2020-06-25 16:27:14 -0400
Started GET "/assets/application.self-b96490444ae3d6aa74eeb76b3a5ef49d37c663dc9d0b9e6425e01f98de0ab56c.css?body=1&livereload=1593116834728" for ::1 at 2020-06-25 16:27:14 -0400
Started GET "/assets/application.self-b96490444ae3d6aa74eeb76b3a5ef49d37c663dc9d0b9e6425e01f98de0ab56c.css?body=1&livereload=1593116881850" for ::1 at 2020-06-25 16:28:01 -0400
Started GET "/assets/application.self-b96490444ae3d6aa74eeb76b3a5ef49d37c663dc9d0b9e6425e01f98de0ab56c.css?body=1&livereload=1593116881854" for ::1 at 2020-06-25 16:28:01 -0400
Started GET "/assets/application.self-b96490444ae3d6aa74eeb76b3a5ef49d37c663dc9d0b9e6425e01f98de0ab56c.css?body=1&livereload=1593116891764" for ::1 at 2020-06-25 16:28:11 -0400
Started GET "/assets/application.self-b96490444ae3d6aa74eeb76b3a5ef49d37c663dc9d0b9e6425e01f98de0ab56c.css?body=1&livereload=1593116891768" for ::1 at 2020-06-25 16:28:11 -0400
Started GET "/assets/application.self-b96490444ae3d6aa74eeb76b3a5ef49d37c663dc9d0b9e6425e01f98de0ab56c.css?body=1&livereload=1593116897377" for ::1 at 2020-06-25 16:28:17 -0400
Started GET "/assets/application.self-b96490444ae3d6aa74eeb76b3a5ef49d37c663dc9d0b9e6425e01f98de0ab56c.css?body=1&livereload=1593116897380" for ::1 at 2020-06-25 16:28:17 -0400
Started GET "/" for ::1 at 2020-06-25 16:33:35 -0400
Processing by StaticPagesController#index as HTML
  Rendering static_pages/index.html.erb within layouts/application
  Rendered shared/_main_nav.html.erb (1.0ms)
  Rendered shared/_masthead.html.erb (0.7ms)
  Rendered shared/_sections_nav.html.erb (0.5ms)
  Rendered shared/_search_modal.html.erb (0.4ms)
  Rendered shared/_main_content.html.erb (0.9ms)
  Rendered static_pages/index.html.erb within layouts/application (21.5ms)
Completed 200 OK in 361ms (Views: 355.2ms | ActiveRecord: 0.0ms)


Started GET "/assets/application.self-2088d22e6dce3b9aff02e02a99aded1e6bc527f03b43d3fed577e61b400e2b6c.css?body=1" for ::1 at 2020-06-25 16:33:35 -0400
Started GET "/" for ::1 at 2020-06-25 16:34:00 -0400
Processing by StaticPagesController#index as HTML
  Rendering static_pages/index.html.erb within layouts/application
  Rendered shared/_main_nav.html.erb (0.5ms)
  Rendered shared/_masthead.html.erb (1.5ms)
  Rendered shared/_sections_nav.html.erb (0.5ms)
  Rendered shared/_search_modal.html.erb (1.1ms)
  Rendered shared/_main_content.html.erb (0.7ms)
  Rendered static_pages/index.html.erb within layouts/application (41.2ms)
Completed 200 OK in 123ms (Views: 115.7ms | ActiveRecord: 0.0ms)


Started GET "/" for ::1 at 2020-06-25 16:36:23 -0400
Processing by StaticPagesController#index as HTML
  Rendering static_pages/index.html.erb within layouts/application
  Rendered shared/_main_nav.html.erb (3.2ms)
  Rendered shared/_masthead.html.erb (0.7ms)
  Rendered shared/_sections_nav.html.erb (0.4ms)
  Rendered shared/_search_modal.html.erb (0.6ms)
  Rendered shared/_main_content.html.erb (0.6ms)
  Rendered static_pages/index.html.erb within layouts/application (34.3ms)
Completed 200 OK in 100ms (Views: 92.3ms | ActiveRecord: 0.0ms)


Started GET "/" for ::1 at 2020-06-25 16:38:17 -0400
Processing by StaticPagesController#index as HTML
  Rendering static_pages/index.html.erb within layouts/application
  Rendered shared/_main_nav.html.erb (1.3ms)
  Rendered shared/_masthead.html.erb (0.4ms)
  Rendered shared/_sections_nav.html.erb (0.5ms)
  Rendered shared/_search_modal.html.erb (2.1ms)
  Rendered shared/_main_content.html.erb (0.5ms)
  Rendered static_pages/index.html.erb within layouts/application (32.4ms)
Completed 200 OK in 171ms (Views: 165.1ms | ActiveRecord: 0.0ms)


Started GET "/" for ::1 at 2020-06-25 16:39:34 -0400
Processing by StaticPagesController#index as HTML
  Rendering static_pages/index.html.erb within layouts/application
  Rendered shared/_main_nav.html.erb (0.7ms)
  Rendered shared/_masthead.html.erb (1.1ms)
  Rendered shared/_sections_nav.html.erb (2.1ms)
  Rendered shared/_search_modal.html.erb (0.5ms)
  Rendered shared/_main_content.html.erb (0.5ms)
  Rendered static_pages/index.html.erb within layouts/application (29.4ms)
Completed 200 OK in 144ms (Views: 135.8ms | ActiveRecord: 0.0ms)


Started GET "/" for ::1 at 2020-06-25 16:43:00 -0400
Processing by StaticPagesController#index as HTML
  Rendering static_pages/index.html.erb within layouts/application
  Rendered shared/_main_nav.html.erb (4.1ms)
  Rendered shared/_masthead.html.erb (5.9ms)
  Rendered shared/_sections_nav.html.erb (0.5ms)
  Rendered shared/_search_modal.html.erb (0.5ms)
  Rendered shared/_main_content.html.erb (0.6ms)
  Rendered static_pages/index.html.erb within layouts/application (239.5ms)
Completed 200 OK in 405ms (Views: 393.1ms | ActiveRecord: 0.0ms)


Started GET "/" for ::1 at 2020-06-25 16:43:06 -0400
Processing by StaticPagesController#index as HTML
  Rendering static_pages/index.html.erb within layouts/application
  Rendered shared/_main_nav.html.erb (0.8ms)
  Rendered shared/_masthead.html.erb (1.6ms)
  Rendered shared/_sections_nav.html.erb (2.2ms)
  Rendered shared/_search_modal.html.erb (0.5ms)
  Rendered shared/_main_content.html.erb (0.5ms)
  Rendered static_pages/index.html.erb within layouts/application (35.7ms)
Completed 200 OK in 101ms (Views: 96.0ms | ActiveRecord: 0.0ms)


Started GET "/" for ::1 at 2020-06-25 16:43:14 -0400
Processing by StaticPagesController#index as HTML
  Rendering static_pages/index.html.erb within layouts/application
  Rendered shared/_main_nav.html.erb (7.6ms)
  Rendered shared/_masthead.html.erb (0.9ms)
  Rendered shared/_sections_nav.html.erb (0.5ms)
  Rendered shared/_search_modal.html.erb (11.3ms)
  Rendered shared/_main_content.html.erb (4.9ms)
  Rendered static_pages/index.html.erb within layouts/application (97.8ms)
Completed 200 OK in 259ms (Views: 251.8ms | ActiveRecord: 0.0ms)


Started GET "/" for ::1 at 2020-06-25 16:43:23 -0400
Processing by StaticPagesController#index as HTML
  Rendering static_pages/index.html.erb within layouts/application
  Rendered shared/_main_nav.html.erb (1.2ms)
  Rendered shared/_masthead.html.erb (0.6ms)
  Rendered shared/_sections_nav.html.erb (0.4ms)
  Rendered shared/_search_modal.html.erb (0.3ms)
  Rendered shared/_main_content.html.erb (7.3ms)
  Rendered static_pages/index.html.erb within layouts/application (80.6ms)
Completed 200 OK in 198ms (Views: 192.4ms | ActiveRecord: 0.0ms)


Started GET "/assets/application.self-2088d22e6dce3b9aff02e02a99aded1e6bc527f03b43d3fed577e61b400e2b6c.css?body=1&livereload=1593117998881" for ::1 at 2020-06-25 16:46:38 -0400
Started GET "/assets/application.self-2088d22e6dce3b9aff02e02a99aded1e6bc527f03b43d3fed577e61b400e2b6c.css?body=1&livereload=1593117998887" for ::1 at 2020-06-25 16:46:38 -0400
Started GET "/assets/application.self-2088d22e6dce3b9aff02e02a99aded1e6bc527f03b43d3fed577e61b400e2b6c.css?body=1&livereload=1593118043528" for ::1 at 2020-06-25 16:47:23 -0400
Started GET "/assets/application.self-2088d22e6dce3b9aff02e02a99aded1e6bc527f03b43d3fed577e61b400e2b6c.css?body=1&livereload=1593118043523" for ::1 at 2020-06-25 16:47:23 -0400
Started GET "/assets/application.self-2088d22e6dce3b9aff02e02a99aded1e6bc527f03b43d3fed577e61b400e2b6c.css?body=1&livereload=1593118052119" for ::1 at 2020-06-25 16:47:32 -0400
Started GET "/assets/application.self-2088d22e6dce3b9aff02e02a99aded1e6bc527f03b43d3fed577e61b400e2b6c.css?body=1&livereload=1593118052114" for ::1 at 2020-06-25 16:47:32 -0400
Started GET "/" for ::1 at 2020-06-25 16:48:00 -0400
Processing by StaticPagesController#index as HTML
  Rendering static_pages/index.html.erb within layouts/application
  Rendered shared/_main_nav.html.erb (1.0ms)
  Rendered shared/_masthead.html.erb (0.9ms)
  Rendered shared/_sections_nav.html.erb (1.9ms)
  Rendered shared/_search_modal.html.erb (0.5ms)
  Rendered shared/_main_content.html.erb (2.0ms)
  Rendered static_pages/index.html.erb within layouts/application (217.3ms)
Completed 200 OK in 405ms (Views: 385.4ms | ActiveRecord: 0.0ms)


Started GET "/assets/application.self-2088d22e6dce3b9aff02e02a99aded1e6bc527f03b43d3fed577e61b400e2b6c.css?body=1&livereload=1593118190605" for ::1 at 2020-06-25 16:49:50 -0400
Started GET "/assets/application.self-2088d22e6dce3b9aff02e02a99aded1e6bc527f03b43d3fed577e61b400e2b6c.css?body=1&livereload=1593118190616" for ::1 at 2020-06-25 16:49:50 -0400
Started GET "/assets/application.self-2088d22e6dce3b9aff02e02a99aded1e6bc527f03b43d3fed577e61b400e2b6c.css?body=1&livereload=1593118235193" for ::1 at 2020-06-25 16:50:35 -0400
Started GET "/assets/application.self-2088d22e6dce3b9aff02e02a99aded1e6bc527f03b43d3fed577e61b400e2b6c.css?body=1&livereload=1593118235198" for ::1 at 2020-06-25 16:50:35 -0400
Started GET "/" for ::1 at 2020-06-25 16:51:53 -0400
Processing by StaticPagesController#index as HTML
  Rendering static_pages/index.html.erb within layouts/application
  Rendered shared/_main_nav.html.erb (0.7ms)
  Rendered shared/_masthead.html.erb (1.0ms)
  Rendered shared/_sections_nav.html.erb (0.7ms)
  Rendered shared/_search_modal.html.erb (0.7ms)
  Rendered shared/_main_content.html.erb (0.6ms)
  Rendered static_pages/index.html.erb within layouts/application (49.7ms)
Completed 200 OK in 435ms (Views: 422.0ms | ActiveRecord: 0.0ms)


Started GET "/assets/application.self-711b2837bff333901027465ed67ce1cbe28b7e29f3a166c3aebe6bd8e10bce87.css?body=1" for ::1 at 2020-06-25 16:51:54 -0400
Started GET "/assets/application.self-711b2837bff333901027465ed67ce1cbe28b7e29f3a166c3aebe6bd8e10bce87.css?body=1&livereload=1593118367092" for ::1 at 2020-06-25 16:52:47 -0400
Started GET "/assets/application.self-711b2837bff333901027465ed67ce1cbe28b7e29f3a166c3aebe6bd8e10bce87.css?body=1&livereload=1593118367099" for ::1 at 2020-06-25 16:52:47 -0400
Started GET "/assets/application.self-711b2837bff333901027465ed67ce1cbe28b7e29f3a166c3aebe6bd8e10bce87.css?body=1&livereload=1593118380755" for ::1 at 2020-06-25 16:53:00 -0400
Started GET "/assets/application.self-711b2837bff333901027465ed67ce1cbe28b7e29f3a166c3aebe6bd8e10bce87.css?body=1&livereload=1593118380760" for ::1 at 2020-06-25 16:53:00 -0400
Started GET "/assets/application.self-711b2837bff333901027465ed67ce1cbe28b7e29f3a166c3aebe6bd8e10bce87.css?body=1&livereload=1593118390623" for ::1 at 2020-06-25 16:53:10 -0400
Started GET "/assets/application.self-711b2837bff333901027465ed67ce1cbe28b7e29f3a166c3aebe6bd8e10bce87.css?body=1&livereload=1593118390629" for ::1 at 2020-06-25 16:53:10 -0400
Started GET "/assets/application.self-711b2837bff333901027465ed67ce1cbe28b7e29f3a166c3aebe6bd8e10bce87.css?body=1&livereload=1593118411933" for ::1 at 2020-06-25 16:53:31 -0400
Started GET "/assets/application.self-711b2837bff333901027465ed67ce1cbe28b7e29f3a166c3aebe6bd8e10bce87.css?body=1&livereload=1593118411941" for ::1 at 2020-06-25 16:53:31 -0400
Started GET "/assets/application.self-711b2837bff333901027465ed67ce1cbe28b7e29f3a166c3aebe6bd8e10bce87.css?body=1&livereload=1593118452781" for ::1 at 2020-06-25 16:54:12 -0400
Started GET "/assets/application.self-711b2837bff333901027465ed67ce1cbe28b7e29f3a166c3aebe6bd8e10bce87.css?body=1&livereload=1593118452785" for ::1 at 2020-06-25 16:54:12 -0400
Started GET "/assets/application.self-711b2837bff333901027465ed67ce1cbe28b7e29f3a166c3aebe6bd8e10bce87.css?body=1&livereload=1593118464141" for ::1 at 2020-06-25 16:54:24 -0400
Started GET "/assets/application.self-711b2837bff333901027465ed67ce1cbe28b7e29f3a166c3aebe6bd8e10bce87.css?body=1&livereload=1593118464127" for ::1 at 2020-06-25 16:54:24 -0400
Started GET "/assets/application.self-711b2837bff333901027465ed67ce1cbe28b7e29f3a166c3aebe6bd8e10bce87.css?body=1&livereload=1593118469836" for ::1 at 2020-06-25 16:54:29 -0400
Started GET "/assets/application.self-711b2837bff333901027465ed67ce1cbe28b7e29f3a166c3aebe6bd8e10bce87.css?body=1&livereload=1593118469849" for ::1 at 2020-06-25 16:54:29 -0400
Started GET "/assets/application.self-711b2837bff333901027465ed67ce1cbe28b7e29f3a166c3aebe6bd8e10bce87.css?body=1&livereload=1593118485711" for ::1 at 2020-06-25 16:54:45 -0400
Started GET "/assets/application.self-711b2837bff333901027465ed67ce1cbe28b7e29f3a166c3aebe6bd8e10bce87.css?body=1&livereload=1593118485706" for ::1 at 2020-06-25 16:54:45 -0400
Started GET "/" for ::1 at 2020-06-25 16:57:37 -0400
Processing by StaticPagesController#index as HTML
  Rendering static_pages/index.html.erb within layouts/application
  Rendered shared/_main_nav.html.erb (0.8ms)
  Rendered shared/_masthead.html.erb (0.6ms)
  Rendered shared/_sections_nav.html.erb (0.7ms)
  Rendered shared/_search_modal.html.erb (1.0ms)
  Rendered shared/_main_content.html.erb (3.2ms)
  Rendered static_pages/index.html.erb within layouts/application (147.1ms)
Completed 200 OK in 343ms (Views: 337.9ms | ActiveRecord: 0.0ms)


Started GET "/assets/application.self-cea569501da595d9aadbdbaef3768fbfb86ad9a57ea59e33d6ccfc301805f8d6.css?body=1" for ::1 at 2020-06-25 16:57:37 -0400
Started GET "/assets/AA_Times_Logo.png" for ::1 at 2020-06-25 16:57:38 -0400
Started GET "/assets/application.self-cea569501da595d9aadbdbaef3768fbfb86ad9a57ea59e33d6ccfc301805f8d6.css?body=1&livereload=1593118840674" for ::1 at 2020-06-25 17:00:40 -0400
Started GET "/assets/application.self-cea569501da595d9aadbdbaef3768fbfb86ad9a57ea59e33d6ccfc301805f8d6.css?body=1&livereload=1593118840679" for ::1 at 2020-06-25 17:00:40 -0400
Started GET "/assets/application.self-cea569501da595d9aadbdbaef3768fbfb86ad9a57ea59e33d6ccfc301805f8d6.css?body=1&livereload=1593118987337" for ::1 at 2020-06-25 17:03:07 -0400
Started GET "/assets/application.self-cea569501da595d9aadbdbaef3768fbfb86ad9a57ea59e33d6ccfc301805f8d6.css?body=1&livereload=1593118987342" for ::1 at 2020-06-25 17:03:07 -0400
Started GET "/assets/application.self-cea569501da595d9aadbdbaef3768fbfb86ad9a57ea59e33d6ccfc301805f8d6.css?body=1&livereload=1593119099941" for ::1 at 2020-06-25 17:04:59 -0400
Started GET "/assets/application.self-cea569501da595d9aadbdbaef3768fbfb86ad9a57ea59e33d6ccfc301805f8d6.css?body=1&livereload=1593119099944" for ::1 at 2020-06-25 17:04:59 -0400
Started GET "/assets/application.self-cea569501da595d9aadbdbaef3768fbfb86ad9a57ea59e33d6ccfc301805f8d6.css?body=1&livereload=1593119198409" for ::1 at 2020-06-25 17:06:38 -0400
Started GET "/assets/application.self-cea569501da595d9aadbdbaef3768fbfb86ad9a57ea59e33d6ccfc301805f8d6.css?body=1&livereload=1593119198405" for ::1 at 2020-06-25 17:06:38 -0400
Started GET "/assets/application.self-cea569501da595d9aadbdbaef3768fbfb86ad9a57ea59e33d6ccfc301805f8d6.css?body=1&livereload=1593119291855" for ::1 at 2020-06-25 17:08:11 -0400
Started GET "/assets/application.self-cea569501da595d9aadbdbaef3768fbfb86ad9a57ea59e33d6ccfc301805f8d6.css?body=1&livereload=1593119291866" for ::1 at 2020-06-25 17:08:11 -0400
Started GET "/assets/application.self-cea569501da595d9aadbdbaef3768fbfb86ad9a57ea59e33d6ccfc301805f8d6.css?body=1&livereload=1593119539617" for ::1 at 2020-06-25 17:12:19 -0400
Started GET "/assets/application.self-cea569501da595d9aadbdbaef3768fbfb86ad9a57ea59e33d6ccfc301805f8d6.css?body=1&livereload=1593119539621" for ::1 at 2020-06-25 17:12:19 -0400
Started GET "/assets/application.self-cea569501da595d9aadbdbaef3768fbfb86ad9a57ea59e33d6ccfc301805f8d6.css?body=1&livereload=1593119546041" for ::1 at 2020-06-25 17:12:26 -0400
Started GET "/assets/application.self-cea569501da595d9aadbdbaef3768fbfb86ad9a57ea59e33d6ccfc301805f8d6.css?body=1&livereload=1593119546055" for ::1 at 2020-06-25 17:12:26 -0400
Started GET "/assets/application.self-cea569501da595d9aadbdbaef3768fbfb86ad9a57ea59e33d6ccfc301805f8d6.css?body=1&livereload=1593119552093" for ::1 at 2020-06-25 17:12:32 -0400
Started GET "/assets/application.self-cea569501da595d9aadbdbaef3768fbfb86ad9a57ea59e33d6ccfc301805f8d6.css?body=1&livereload=1593119552097" for ::1 at 2020-06-25 17:12:32 -0400
Started GET "/assets/application.self-cea569501da595d9aadbdbaef3768fbfb86ad9a57ea59e33d6ccfc301805f8d6.css?body=1&livereload=1593119652209" for ::1 at 2020-06-25 17:14:12 -0400
Started GET "/assets/application.self-cea569501da595d9aadbdbaef3768fbfb86ad9a57ea59e33d6ccfc301805f8d6.css?body=1&livereload=1593119652215" for ::1 at 2020-06-25 17:14:12 -0400
Started GET "/" for ::1 at 2020-06-25 17:22:35 -0400
Processing by StaticPagesController#index as HTML
  Rendering static_pages/index.html.erb within layouts/application
  Rendered shared/_main_nav.html.erb (0.7ms)
  Rendered shared/_masthead.html.erb (0.8ms)
  Rendered shared/_sections_nav.html.erb (0.5ms)
  Rendered shared/_search_modal.html.erb (0.6ms)
  Rendered shared/_main_content.html.erb (0.7ms)
  Rendered static_pages/index.html.erb within layouts/application (59.4ms)
Completed 200 OK in 225ms (Views: 212.4ms | ActiveRecord: 0.0ms)


Started GET "/assets/application.self-399870783b89b0316456c6b9fe603f62dd2ae2dda2eaf6078b240b27490087c7.css?body=1" for ::1 at 2020-06-25 17:22:36 -0400
Started GET "/assets/AA_Times_Logo.png" for ::1 at 2020-06-25 17:22:36 -0400
Started GET "/" for ::1 at 2020-06-25 17:22:51 -0400
Processing by StaticPagesController#index as HTML
  Rendering static_pages/index.html.erb within layouts/application
  Rendered shared/_main_nav.html.erb (1.9ms)
  Rendered shared/_masthead.html.erb (0.6ms)
  Rendered shared/_sections_nav.html.erb (5.4ms)
  Rendered shared/_search_modal.html.erb (0.9ms)
  Rendered shared/_main_content.html.erb (0.6ms)
  Rendered static_pages/index.html.erb within layouts/application (69.6ms)
Completed 200 OK in 227ms (Views: 211.3ms | ActiveRecord: 0.0ms)


Started GET "/assets/AA_Times_Logo.png" for ::1 at 2020-06-25 17:22:52 -0400
Started GET "/" for ::1 at 2020-06-25 17:23:35 -0400
Processing by StaticPagesController#index as HTML
  Rendering static_pages/index.html.erb within layouts/application
  Rendered shared/_main_nav.html.erb (0.7ms)
  Rendered shared/_masthead.html.erb (3.2ms)
  Rendered shared/_sections_nav.html.erb (1.1ms)
  Rendered shared/_search_modal.html.erb (0.5ms)
  Rendered shared/_main_content.html.erb (0.7ms)
  Rendered static_pages/index.html.erb within layouts/application (59.6ms)
Completed 200 OK in 131ms (Views: 125.7ms | ActiveRecord: 0.0ms)


Started GET "/assets/AA_Times_Logo.png" for ::1 at 2020-06-25 17:23:35 -0400
Started GET "/" for ::1 at 2020-06-25 17:23:53 -0400
Processing by StaticPagesController#index as HTML
  Rendering static_pages/index.html.erb within layouts/application
  Rendered shared/_main_nav.html.erb (0.5ms)
  Rendered shared/_masthead.html.erb (0.6ms)
  Rendered shared/_sections_nav.html.erb (0.8ms)
  Rendered shared/_search_modal.html.erb (1.1ms)
  Rendered shared/_main_content.html.erb (1.0ms)
  Rendered static_pages/index.html.erb within layouts/application (58.8ms)
Completed 200 OK in 123ms (Views: 115.3ms | ActiveRecord: 0.0ms)


Started GET "/assets/AA_Times_Logo.png" for ::1 at 2020-06-25 17:23:54 -0400
Started GET "/" for ::1 at 2020-06-25 17:23:55 -0400
Processing by StaticPagesController#index as HTML
  Rendering static_pages/index.html.erb within layouts/application
  Rendered shared/_main_nav.html.erb (4.2ms)
  Rendered shared/_masthead.html.erb (0.8ms)
  Rendered shared/_sections_nav.html.erb (0.7ms)
  Rendered shared/_search_modal.html.erb (0.5ms)
  Rendered shared/_main_content.html.erb (0.5ms)
  Rendered static_pages/index.html.erb within layouts/application (57.9ms)
Completed 200 OK in 172ms (Views: 156.7ms | ActiveRecord: 0.0ms)


Started GET "/assets/AA_Times_Logo.png" for ::1 at 2020-06-25 17:23:57 -0400
Started GET "/" for ::1 at 2020-06-25 17:25:19 -0400
Processing by StaticPagesController#index as HTML
  Rendering static_pages/index.html.erb within layouts/application
  Rendered shared/_main_nav.html.erb (1.8ms)
  Rendered shared/_masthead.html.erb (1.1ms)
  Rendered shared/_sections_nav.html.erb (0.5ms)
  Rendered shared/_search_modal.html.erb (0.8ms)
  Rendered shared/_main_content.html.erb (4.0ms)
  Rendered static_pages/index.html.erb within layouts/application (49.3ms)
Completed 200 OK in 146ms (Views: 138.4ms | ActiveRecord: 0.0ms)


Started GET "/assets/AA_Times_Logo.png" for ::1 at 2020-06-25 17:25:20 -0400
Started GET "/assets/application.self-399870783b89b0316456c6b9fe603f62dd2ae2dda2eaf6078b240b27490087c7.css?body=1&livereload=1593120360117" for ::1 at 2020-06-25 17:26:00 -0400
Started GET "/assets/application.self-399870783b89b0316456c6b9fe603f62dd2ae2dda2eaf6078b240b27490087c7.css?body=1&livereload=1593120360121" for ::1 at 2020-06-25 17:26:00 -0400
Started GET "/assets/application.self-399870783b89b0316456c6b9fe603f62dd2ae2dda2eaf6078b240b27490087c7.css?body=1&livereload=1593120370830" for ::1 at 2020-06-25 17:26:10 -0400
Started GET "/assets/application.self-399870783b89b0316456c6b9fe603f62dd2ae2dda2eaf6078b240b27490087c7.css?body=1&livereload=1593120370833" for ::1 at 2020-06-25 17:26:10 -0400
Started GET "/assets/application.self-399870783b89b0316456c6b9fe603f62dd2ae2dda2eaf6078b240b27490087c7.css?body=1&livereload=1593120385310" for ::1 at 2020-06-25 17:26:25 -0400
Started GET "/assets/application.self-399870783b89b0316456c6b9fe603f62dd2ae2dda2eaf6078b240b27490087c7.css?body=1&livereload=1593120385306" for ::1 at 2020-06-25 17:26:25 -0400
Started GET "/assets/application.self-399870783b89b0316456c6b9fe603f62dd2ae2dda2eaf6078b240b27490087c7.css?body=1&livereload=1593120400490" for ::1 at 2020-06-25 17:26:40 -0400
Started GET "/assets/application.self-399870783b89b0316456c6b9fe603f62dd2ae2dda2eaf6078b240b27490087c7.css?body=1&livereload=1593120400493" for ::1 at 2020-06-25 17:26:40 -0400
Started GET "/assets/application.self-399870783b89b0316456c6b9fe603f62dd2ae2dda2eaf6078b240b27490087c7.css?body=1&livereload=1593120441906" for ::1 at 2020-06-25 17:27:21 -0400
Started GET "/assets/application.self-399870783b89b0316456c6b9fe603f62dd2ae2dda2eaf6078b240b27490087c7.css?body=1&livereload=1593120441910" for ::1 at 2020-06-25 17:27:21 -0400
Started GET "/" for ::1 at 2020-06-25 17:28:16 -0400
Processing by StaticPagesController#index as HTML
  Rendering static_pages/index.html.erb within layouts/application
  Rendered shared/_main_nav.html.erb (1.0ms)
  Rendered shared/_masthead.html.erb (0.7ms)
  Rendered shared/_sections_nav.html.erb (0.5ms)
  Rendered shared/_search_modal.html.erb (0.6ms)
  Rendered shared/_main_content.html.erb (0.6ms)
  Rendered static_pages/index.html.erb within layouts/application (44.5ms)
Completed 200 OK in 228ms (Views: 222.0ms | ActiveRecord: 0.0ms)


Started GET "/assets/application.self-74cf9c484a1ff4b3983555464fd39f14ea22598d44fc41517e5dfdc29dca1366.css?body=1" for ::1 at 2020-06-25 17:28:16 -0400
Started GET "/assets/AA_Times_Logo.png" for ::1 at 2020-06-25 17:28:17 -0400
Started GET "/assets/application.self-74cf9c484a1ff4b3983555464fd39f14ea22598d44fc41517e5dfdc29dca1366.css?body=1&livereload=1593120501992" for ::1 at 2020-06-25 17:28:22 -0400
Started GET "/assets/application.self-74cf9c484a1ff4b3983555464fd39f14ea22598d44fc41517e5dfdc29dca1366.css?body=1&livereload=1593120501983" for ::1 at 2020-06-25 17:28:22 -0400
Started GET "/assets/application.self-74cf9c484a1ff4b3983555464fd39f14ea22598d44fc41517e5dfdc29dca1366.css?body=1&livereload=1593120514967" for ::1 at 2020-06-25 17:28:34 -0400
Started GET "/assets/application.self-74cf9c484a1ff4b3983555464fd39f14ea22598d44fc41517e5dfdc29dca1366.css?body=1&livereload=1593120514973" for ::1 at 2020-06-25 17:28:34 -0400
Started GET "/" for ::1 at 2020-06-25 17:28:47 -0400
Processing by StaticPagesController#index as HTML
  Rendering static_pages/index.html.erb within layouts/application
  Rendered shared/_main_nav.html.erb (0.6ms)
  Rendered shared/_masthead.html.erb (0.7ms)
  Rendered shared/_sections_nav.html.erb (0.5ms)
  Rendered shared/_search_modal.html.erb (0.6ms)
  Rendered shared/_main_content.html.erb (1.0ms)
  Rendered static_pages/index.html.erb within layouts/application (99.3ms)
Completed 200 OK in 241ms (Views: 229.5ms | ActiveRecord: 0.0ms)


Started GET "/assets/application.self-5d4a34ca3cb2006b61306629c223891a49e72d56def7597ecca6ebce255660f7.css?body=1" for ::1 at 2020-06-25 17:28:48 -0400
Started GET "/assets/AA_Times_Logo.png" for ::1 at 2020-06-25 17:28:48 -0400
Started GET "/" for ::1 at 2020-06-25 17:30:03 -0400
Processing by StaticPagesController#index as HTML
  Rendering static_pages/index.html.erb within layouts/application
  Rendered shared/_main_nav.html.erb (0.6ms)
  Rendered shared/_masthead.html.erb (1.6ms)
  Rendered shared/_sections_nav.html.erb (0.7ms)
  Rendered shared/_search_modal.html.erb (1.1ms)
  Rendered shared/_main_content.html.erb (1.7ms)
  Rendered static_pages/index.html.erb within layouts/application (42.7ms)
Completed 200 OK in 128ms (Views: 120.3ms | ActiveRecord: 0.0ms)


Started GET "/assets/AA_Times_Logo.png" for ::1 at 2020-06-25 17:30:04 -0400
Started GET "/" for ::1 at 2020-06-25 17:30:59 -0400
Processing by StaticPagesController#index as HTML
  Rendering static_pages/index.html.erb within layouts/application
  Rendered shared/_main_nav.html.erb (3.4ms)
  Rendered shared/_masthead.html.erb (0.8ms)
  Rendered shared/_sections_nav.html.erb (0.5ms)
  Rendered shared/_search_modal.html.erb (0.5ms)
  Rendered shared/_main_content.html.erb (0.6ms)
  Rendered static_pages/index.html.erb within layouts/application (66.1ms)
Completed 200 OK in 301ms (Views: 291.4ms | ActiveRecord: 0.0ms)


Started GET "/assets/AA_Times_Logo.png" for ::1 at 2020-06-25 17:31:00 -0400
Started GET "/" for ::1 at 2020-06-25 17:31:58 -0400
Processing by StaticPagesController#index as HTML
  Rendering static_pages/index.html.erb within layouts/application
  Rendered shared/_main_nav.html.erb (2.1ms)
  Rendered shared/_masthead.html.erb (0.6ms)
  Rendered shared/_sections_nav.html.erb (0.8ms)
  Rendered shared/_search_modal.html.erb (0.8ms)
  Rendered shared/_main_content.html.erb (0.5ms)
  Rendered static_pages/index.html.erb within layouts/application (43.5ms)
Completed 200 OK in 194ms (Views: 186.7ms | ActiveRecord: 0.0ms)


Started GET "/assets/AA_Times_Logo.png" for ::1 at 2020-06-25 17:31:59 -0400
Started GET "/" for ::1 at 2020-06-25 17:32:03 -0400
Processing by StaticPagesController#index as HTML
  Rendering static_pages/index.html.erb within layouts/application
  Rendered shared/_main_nav.html.erb (0.6ms)
  Rendered shared/_masthead.html.erb (0.7ms)
  Rendered shared/_sections_nav.html.erb (0.5ms)
  Rendered shared/_search_modal.html.erb (2.2ms)
  Rendered shared/_main_content.html.erb (0.5ms)
  Rendered static_pages/index.html.erb within layouts/application (134.2ms)
Completed 200 OK in 308ms (Views: 303.1ms | ActiveRecord: 0.0ms)


Started GET "/assets/AA_Times_Logo.png" for ::1 at 2020-06-25 17:32:05 -0400
Started GET "/assets/application.self-5d4a34ca3cb2006b61306629c223891a49e72d56def7597ecca6ebce255660f7.css?body=1&livereload=1593120737708" for ::1 at 2020-06-25 17:32:17 -0400
Started GET "/assets/application.self-5d4a34ca3cb2006b61306629c223891a49e72d56def7597ecca6ebce255660f7.css?body=1&livereload=1593120737719" for ::1 at 2020-06-25 17:32:17 -0400
