  [1m[35m (189.9ms)[0m  [1m[35mCREATE DATABASE "View99Cats_development" ENCODING = 'unicode'[0m
  ↳ bin/rails:9
  [1m[35m (81.0ms)[0m  [1m[35mCREATE DATABASE "View99Cats_test" ENCODING = 'unicode'[0m
  ↳ bin/rails:9
  [1m[35m (14.7ms)[0m  [1m[35mCREATE TABLE "schema_migrations" ("version" character varying NOT NULL PRIMARY KEY)[0m
  ↳ bin/rails:9
  [1m[35m (2.8ms)[0m  [1m[35mCREATE TABLE "ar_internal_metadata" ("key" character varying NOT NULL PRIMARY KEY, "value" character varying, "created_at" timestamp NOT NULL, "updated_at" timestamp NOT NULL)[0m
  ↳ bin/rails:9
  [1m[35m (0.9ms)[0m  [1m[34mSELECT pg_try_advisory_lock(3601800071331696255)[0m
  ↳ bin/rails:9
  [1m[35m (0.6ms)[0m  [1m[34mSELECT "schema_migrations"."version" FROM "schema_migrations" ORDER BY "schema_migrations"."version" ASC[0m
  ↳ bin/rails:9
Migrating to CreateCats (20200619190201)
  [1m[35m (0.2ms)[0m  [1m[34mSELECT pg_advisory_unlock(3601800071331696255)[0m
  ↳ bin/rails:9
  [1m[35m (0.2ms)[0m  [1m[34mSELECT pg_try_advisory_lock(3601800071331696255)[0m
  ↳ bin/rails:9
  [1m[35m (0.7ms)[0m  [1m[34mSELECT "schema_migrations"."version" FROM "schema_migrations" ORDER BY "schema_migrations"."version" ASC[0m
  ↳ bin/rails:9
Migrating to CreateCats (20200619190201)
  [1m[35m (0.3ms)[0m  [1m[34mSELECT pg_advisory_unlock(3601800071331696255)[0m
  ↳ bin/rails:9
  [1m[35m (0.2ms)[0m  [1m[34mSELECT pg_try_advisory_lock(3601800071331696255)[0m
  ↳ bin/rails:9
  [1m[35m (0.7ms)[0m  [1m[34mSELECT "schema_migrations"."version" FROM "schema_migrations" ORDER BY "schema_migrations"."version" ASC[0m
  ↳ bin/rails:9
Migrating to CreateCats (20200619190201)
  [1m[35m (0.2ms)[0m  [1m[35mBEGIN[0m
  ↳ bin/rails:9
  [1m[35m (8.8ms)[0m  [1m[35mCREATE TABLE "cats" ("id" bigserial primary key, "birth_date" date NOT NULL, "color" character varying NOT NULL, "name" character varying NOT NULL, "sex" character varying(1) NOT NULL, "description" text NOT NULL, "created_at" timestamp NOT NULL, "updated_at" timestamp NOT NULL)[0m
  ↳ db/migrate/20200619190201_create_cats.rb:3
  [1m[36mActiveRecord::SchemaMigration Create (2.0ms)[0m  [1m[32mINSERT INTO "schema_migrations" ("version") VALUES ($1) RETURNING "version"[0m  [["version", "20200619190201"]]
  ↳ bin/rails:9
  [1m[35m (0.4ms)[0m  [1m[35mCOMMIT[0m
  ↳ bin/rails:9
  [1m[36mActiveRecord::InternalMetadata Load (0.7ms)[0m  [1m[34mSELECT  "ar_internal_metadata".* FROM "ar_internal_metadata" WHERE "ar_internal_metadata"."key" = $1 LIMIT $2[0m  [["key", "environment"], ["LIMIT", 1]]
  ↳ bin/rails:9
  [1m[35m (0.1ms)[0m  [1m[35mBEGIN[0m
  ↳ bin/rails:9
  [1m[36mActiveRecord::InternalMetadata Create (0.8ms)[0m  [1m[32mINSERT INTO "ar_internal_metadata" ("key", "value", "created_at", "updated_at") VALUES ($1, $2, $3, $4) RETURNING "key"[0m  [["key", "environment"], ["value", "development"], ["created_at", "2020-06-19 19:25:29.482838"], ["updated_at", "2020-06-19 19:25:29.482838"]]
  ↳ bin/rails:9
  [1m[35m (0.5ms)[0m  [1m[35mCOMMIT[0m
  ↳ bin/rails:9
  [1m[35m (0.3ms)[0m  [1m[34mSELECT pg_advisory_unlock(3601800071331696255)[0m
  ↳ bin/rails:9
  [1m[35m (0.4ms)[0m  [1m[34mSELECT "schema_migrations"."version" FROM "schema_migrations" ORDER BY "schema_migrations"."version" ASC[0m
  ↳ bin/rails:9
  [1m[35m (0.7ms)[0m  [1m[34mSELECT "schema_migrations"."version" FROM "schema_migrations" ORDER BY "schema_migrations"."version" ASC[0m
  ↳ /Users/jon/.rbenv/versions/2.5.1/bin/annotate:23
Started GET "/" for ::1 at 2020-06-19 16:06:39 -0400
  [1m[35m (0.7ms)[0m  [1m[34mSELECT "schema_migrations"."version" FROM "schema_migrations" ORDER BY "schema_migrations"."version" ASC[0m
  ↳ /Users/jon/.rbenv/versions/2.5.1/lib/ruby/gems/2.5.0/gems/activerecord-5.2.4.3/lib/active_record/log_subscriber.rb:98
Processing by Rails::WelcomeController#index as HTML
  Rendering /Users/jon/.rbenv/versions/2.5.1/lib/ruby/gems/2.5.0/gems/railties-5.2.4.3/lib/rails/templates/rails/welcome/index.html.erb
  Rendered /Users/jon/.rbenv/versions/2.5.1/lib/ruby/gems/2.5.0/gems/railties-5.2.4.3/lib/rails/templates/rails/welcome/index.html.erb (3.3ms)
Completed 200 OK in 19ms (Views: 11.1ms | ActiveRecord: 0.0ms)


Started GET "/index" for ::1 at 2020-06-19 16:10:27 -0400
  
ActionController::RoutingError (No route matches [GET] "/index"):
  
actionpack (5.2.4.3) lib/action_dispatch/middleware/debug_exceptions.rb:65:in `call'
web-console (3.7.0) lib/web_console/middleware.rb:135:in `call_app'
web-console (3.7.0) lib/web_console/middleware.rb:30:in `block in call'
web-console (3.7.0) lib/web_console/middleware.rb:20:in `catch'
web-console (3.7.0) lib/web_console/middleware.rb:20:in `call'
actionpack (5.2.4.3) lib/action_dispatch/middleware/show_exceptions.rb:33:in `call'
railties (5.2.4.3) lib/rails/rack/logger.rb:38:in `call_app'
railties (5.2.4.3) lib/rails/rack/logger.rb:26:in `block in call'
activesupport (5.2.4.3) lib/active_support/tagged_logging.rb:71:in `block in tagged'
activesupport (5.2.4.3) lib/active_support/tagged_logging.rb:28:in `tagged'
activesupport (5.2.4.3) lib/active_support/tagged_logging.rb:71:in `tagged'
railties (5.2.4.3) lib/rails/rack/logger.rb:26:in `call'
sprockets-rails (3.2.1) lib/sprockets/rails/quiet_assets.rb:13:in `call'
actionpack (5.2.4.3) lib/action_dispatch/middleware/remote_ip.rb:81:in `call'
actionpack (5.2.4.3) lib/action_dispatch/middleware/request_id.rb:27:in `call'
rack (2.2.3) lib/rack/method_override.rb:24:in `call'
rack (2.2.3) lib/rack/runtime.rb:22:in `call'
activesupport (5.2.4.3) lib/active_support/cache/strategy/local_cache_middleware.rb:29:in `call'
actionpack (5.2.4.3) lib/action_dispatch/middleware/executor.rb:14:in `call'
actionpack (5.2.4.3) lib/action_dispatch/middleware/static.rb:127:in `call'
rack (2.2.3) lib/rack/sendfile.rb:110:in `call'
railties (5.2.4.3) lib/rails/engine.rb:524:in `call'
puma (3.12.6) lib/puma/configuration.rb:227:in `call'
puma (3.12.6) lib/puma/server.rb:706:in `handle_request'
puma (3.12.6) lib/puma/server.rb:476:in `process_client'
puma (3.12.6) lib/puma/server.rb:334:in `block in run'
puma (3.12.6) lib/puma/thread_pool.rb:135:in `block in spawn_thread'
Started GET "/View99Cats" for ::1 at 2020-06-19 16:10:57 -0400
  
ActionController::RoutingError (No route matches [GET] "/View99Cats"):
  
actionpack (5.2.4.3) lib/action_dispatch/middleware/debug_exceptions.rb:65:in `call'
web-console (3.7.0) lib/web_console/middleware.rb:135:in `call_app'
web-console (3.7.0) lib/web_console/middleware.rb:30:in `block in call'
web-console (3.7.0) lib/web_console/middleware.rb:20:in `catch'
web-console (3.7.0) lib/web_console/middleware.rb:20:in `call'
actionpack (5.2.4.3) lib/action_dispatch/middleware/show_exceptions.rb:33:in `call'
railties (5.2.4.3) lib/rails/rack/logger.rb:38:in `call_app'
railties (5.2.4.3) lib/rails/rack/logger.rb:26:in `block in call'
activesupport (5.2.4.3) lib/active_support/tagged_logging.rb:71:in `block in tagged'
activesupport (5.2.4.3) lib/active_support/tagged_logging.rb:28:in `tagged'
activesupport (5.2.4.3) lib/active_support/tagged_logging.rb:71:in `tagged'
railties (5.2.4.3) lib/rails/rack/logger.rb:26:in `call'
sprockets-rails (3.2.1) lib/sprockets/rails/quiet_assets.rb:13:in `call'
actionpack (5.2.4.3) lib/action_dispatch/middleware/remote_ip.rb:81:in `call'
actionpack (5.2.4.3) lib/action_dispatch/middleware/request_id.rb:27:in `call'
rack (2.2.3) lib/rack/method_override.rb:24:in `call'
rack (2.2.3) lib/rack/runtime.rb:22:in `call'
activesupport (5.2.4.3) lib/active_support/cache/strategy/local_cache_middleware.rb:29:in `call'
actionpack (5.2.4.3) lib/action_dispatch/middleware/executor.rb:14:in `call'
actionpack (5.2.4.3) lib/action_dispatch/middleware/static.rb:127:in `call'
rack (2.2.3) lib/rack/sendfile.rb:110:in `call'
railties (5.2.4.3) lib/rails/engine.rb:524:in `call'
puma (3.12.6) lib/puma/configuration.rb:227:in `call'
puma (3.12.6) lib/puma/server.rb:706:in `handle_request'
puma (3.12.6) lib/puma/server.rb:476:in `process_client'
puma (3.12.6) lib/puma/server.rb:334:in `block in run'
puma (3.12.6) lib/puma/thread_pool.rb:135:in `block in spawn_thread'
Started GET "/cats" for ::1 at 2020-06-19 16:11:33 -0400
Processing by CatsController#index as HTML
Completed 500 Internal Server Error in 8ms (ActiveRecord: 0.0ms)



ActionView::MissingTemplate - Missing template cats/index, application/index with {:locale=>[:en], :formats=>[:html], :variants=>[], :handlers=>[:raw, :erb, :html, :builder, :ruby, :coffee, :jbuilder]}. Searched in:
  * "/Users/jon/Documents/GitHub/511-2020-Aa/w6d5/99cats/View99Cats/app/views"
:
  app/controllers/cats_controller.rb:4:in `index'

Started POST "/__better_errors/170e2e5c7e1b6a93/variables" for ::1 at 2020-06-19 16:11:33 -0400
  [1m[36mCat Load (0.5ms)[0m  [1m[34mSELECT  "cats".* FROM "cats" LIMIT $1[0m  [["LIMIT", 11]]
  ↳ /Users/jon/.rbenv/versions/2.5.1/lib/ruby/gems/2.5.0/gems/activerecord-5.2.4.3/lib/active_record/log_subscriber.rb:98
Started GET "/cats" for ::1 at 2020-06-19 16:16:58 -0400
Processing by CatsController#index as HTML
Completed 500 Internal Server Error in 8ms (ActiveRecord: 0.0ms)



ActionView::MissingTemplate - Missing template cats/index, application/index with {:locale=>[:en], :formats=>[:html], :variants=>[], :handlers=>[:raw, :erb, :html, :builder, :ruby, :coffee, :jbuilder]}. Searched in:
  * "/Users/jon/Documents/GitHub/511-2020-Aa/w6d5/99cats/View99Cats/app/views"
:
  app/controllers/cats_controller.rb:4:in `index'

Started POST "/__better_errors/c62479fc0170896e/variables" for ::1 at 2020-06-19 16:16:58 -0400
  [1m[36mCat Load (0.7ms)[0m  [1m[34mSELECT  "cats".* FROM "cats" LIMIT $1[0m  [["LIMIT", 11]]
  ↳ /Users/jon/.rbenv/versions/2.5.1/lib/ruby/gems/2.5.0/gems/activerecord-5.2.4.3/lib/active_record/log_subscriber.rb:98
Started GET "/cats" for ::1 at 2020-06-19 16:18:50 -0400
Processing by CatsController#index as HTML
Completed 500 Internal Server Error in 11ms (ActiveRecord: 0.0ms)



ActionView::MissingTemplate - Missing template cats/index, application/index with {:locale=>[:en], :formats=>[:html], :variants=>[], :handlers=>[:raw, :erb, :html, :builder, :ruby, :coffee, :jbuilder]}. Searched in:
  * "/Users/jon/Documents/GitHub/511-2020-Aa/w6d5/99cats/View99Cats/app/views"
:
  app/controllers/cats_controller.rb:4:in `index'

Started POST "/__better_errors/d9d5998910aa1e07/variables" for ::1 at 2020-06-19 16:18:50 -0400
  [1m[36mCat Load (0.3ms)[0m  [1m[34mSELECT  "cats".* FROM "cats" LIMIT $1[0m  [["LIMIT", 11]]
  ↳ /Users/jon/.rbenv/versions/2.5.1/lib/ruby/gems/2.5.0/gems/activerecord-5.2.4.3/lib/active_record/log_subscriber.rb:98
Started GET "/cats" for ::1 at 2020-06-19 16:18:52 -0400
Processing by CatsController#index as HTML
Completed 500 Internal Server Error in 5ms (ActiveRecord: 0.0ms)



ActionView::MissingTemplate - Missing template cats/index, application/index with {:locale=>[:en], :formats=>[:html], :variants=>[], :handlers=>[:raw, :erb, :html, :builder, :ruby, :coffee, :jbuilder]}. Searched in:
  * "/Users/jon/Documents/GitHub/511-2020-Aa/w6d5/99cats/View99Cats/app/views"
:
  app/controllers/cats_controller.rb:4:in `index'

Started POST "/__better_errors/7d99751faef35de2/variables" for ::1 at 2020-06-19 16:18:52 -0400
  [1m[36mCat Load (0.2ms)[0m  [1m[34mSELECT  "cats".* FROM "cats" LIMIT $1[0m  [["LIMIT", 11]]
  ↳ /Users/jon/.rbenv/versions/2.5.1/lib/ruby/gems/2.5.0/gems/activerecord-5.2.4.3/lib/active_record/log_subscriber.rb:98
Started GET "/cats" for ::1 at 2020-06-19 16:40:58 -0400
Processing by CatsController#index as HTML
Completed 500 Internal Server Error in 6ms (ActiveRecord: 0.0ms)



ActionView::MissingTemplate - Missing template cats/index, application/index with {:locale=>[:en], :formats=>[:html], :variants=>[], :handlers=>[:raw, :erb, :html, :builder, :ruby, :coffee, :jbuilder]}. Searched in:
  * "/Users/jon/Documents/GitHub/511-2020-Aa/w6d5/99cats/View99Cats/app/views"
:
  app/controllers/cats_controller.rb:4:in `index'

Started POST "/__better_errors/ec179f0d4c046285/variables" for ::1 at 2020-06-19 16:40:58 -0400
  [1m[36mCat Load (1.2ms)[0m  [1m[34mSELECT  "cats".* FROM "cats" LIMIT $1[0m  [["LIMIT", 11]]
  ↳ /Users/jon/.rbenv/versions/2.5.1/lib/ruby/gems/2.5.0/gems/activerecord-5.2.4.3/lib/active_record/log_subscriber.rb:98
Started GET "/cats/new" for ::1 at 2020-06-19 16:41:48 -0400

AbstractController::ActionNotFound - The action 'new' could not be found for CatsController:

Started POST "/__better_errors/ab54655409516745/variables" for ::1 at 2020-06-19 16:41:48 -0400
Started GET "/cats/new" for ::1 at 2020-06-19 16:44:06 -0400
Processing by CatsController#new as HTML
Completed 500 Internal Server Error in 5ms (ActiveRecord: 0.0ms)



ActionView::MissingTemplate - Missing template cats/new, application/new with {:locale=>[:en], :formats=>[:html], :variants=>[], :handlers=>[:raw, :erb, :html, :builder, :ruby, :coffee, :jbuilder]}. Searched in:
  * "/Users/jon/Documents/GitHub/511-2020-Aa/w6d5/99cats/View99Cats/app/views"
:
  app/controllers/cats_controller.rb:13:in `new'

Started POST "/__better_errors/ac3ee6305acb2768/variables" for ::1 at 2020-06-19 16:44:07 -0400
Started GET "/cats/new" for ::1 at 2020-06-19 16:46:18 -0400
Processing by CatsController#new as HTML
  Rendering cats/new.html.erb within layouts/application
  Rendered cats/new.html.erb within layouts/application (0.2ms)
Completed 200 OK in 479ms (Views: 478.1ms | ActiveRecord: 0.0ms)


Started GET "/cats/index" for ::1 at 2020-06-19 16:47:14 -0400
Processing by CatsController#show as HTML
  Parameters: {"id"=>"index"}
Completed 400 Bad Request in 15ms (ActiveRecord: 0.0ms)



ActionController::ParameterMissing - param is missing or the value is empty: cat:
  app/controllers/cats_controller.rb:19:in `cat_params'
  app/controllers/cats_controller.rb:8:in `show'

Started POST "/__better_errors/5862da6fc929a250/variables" for ::1 at 2020-06-19 16:47:14 -0400
Started GET "/cats/index" for ::1 at 2020-06-19 16:48:08 -0400
Processing by CatsController#show as HTML
  Parameters: {"id"=>"index"}
Completed 400 Bad Request in 1ms (ActiveRecord: 0.0ms)



ActionController::ParameterMissing - param is missing or the value is empty: cat:
  app/controllers/cats_controller.rb:19:in `cat_params'
  app/controllers/cats_controller.rb:8:in `show'

Started POST "/__better_errors/8580d04a8d2a57bc/variables" for ::1 at 2020-06-19 16:48:09 -0400
Started GET "/cats/index" for ::1 at 2020-06-19 16:50:35 -0400
Processing by CatsController#show as HTML
  Parameters: {"id"=>"index"}
  [1m[36mCat Load (0.3ms)[0m  [1m[34mSELECT  "cats".* FROM "cats" WHERE "cats"."id" = $1 LIMIT $2[0m  [["id", 0], ["LIMIT", 1]]
  ↳ app/controllers/cats_controller.rb:8
  Rendering cats/show.html.erb within layouts/application
  Rendered cats/show.html.erb within layouts/application (9.5ms)
Completed 500 Internal Server Error in 35ms (ActiveRecord: 2.0ms)



ActionView::Template::Error - undefined method `name' for nil:NilClass:
  app/views/cats/show.html.erb:1:in `view template'
  app/controllers/cats_controller.rb:9:in `show'

Started POST "/__better_errors/acc467b5a7a8e101/variables" for ::1 at 2020-06-19 16:50:36 -0400
Started GET "/cats/index" for ::1 at 2020-06-19 16:50:37 -0400
Processing by CatsController#show as HTML
  Parameters: {"id"=>"index"}
  [1m[36mCat Load (0.4ms)[0m  [1m[34mSELECT  "cats".* FROM "cats" WHERE "cats"."id" = $1 LIMIT $2[0m  [["id", 0], ["LIMIT", 1]]
  ↳ app/controllers/cats_controller.rb:8
  Rendering cats/show.html.erb within layouts/application
  Rendered cats/show.html.erb within layouts/application (4.7ms)
Completed 500 Internal Server Error in 15ms (ActiveRecord: 0.4ms)



ActionView::Template::Error - undefined method `name' for nil:NilClass:
  app/views/cats/show.html.erb:1:in `view template'
  app/controllers/cats_controller.rb:9:in `show'

Started POST "/__better_errors/67c11e029b91570c/variables" for ::1 at 2020-06-19 16:50:37 -0400
Started GET "/cats/index" for ::1 at 2020-06-19 16:50:37 -0400
Processing by CatsController#show as HTML
  Parameters: {"id"=>"index"}
  [1m[36mCat Load (1.2ms)[0m  [1m[34mSELECT  "cats".* FROM "cats" WHERE "cats"."id" = $1 LIMIT $2[0m  [["id", 0], ["LIMIT", 1]]
  ↳ app/controllers/cats_controller.rb:8
  Rendering cats/show.html.erb within layouts/application
  Rendered cats/show.html.erb within layouts/application (4.6ms)
Completed 500 Internal Server Error in 16ms (ActiveRecord: 1.2ms)



ActionView::Template::Error - undefined method `name' for nil:NilClass:
  app/views/cats/show.html.erb:1:in `view template'
  app/controllers/cats_controller.rb:9:in `show'

Started POST "/__better_errors/c87c1763b398629f/variables" for ::1 at 2020-06-19 16:50:37 -0400
Started GET "/cats/index" for ::1 at 2020-06-19 16:51:13 -0400
Processing by CatsController#show as HTML
  Parameters: {"id"=>"index"}
  Rendering cats/show.html.erb within layouts/application
  Rendered cats/show.html.erb within layouts/application (3.6ms)
Completed 500 Internal Server Error in 15ms (ActiveRecord: 0.0ms)



ActionView::Template::Error - undefined method `name' for nil:NilClass:
  app/views/cats/show.html.erb:1:in `view template'

Started POST "/__better_errors/f0964ada3d4cad2c/variables" for ::1 at 2020-06-19 16:51:13 -0400
Started GET "/cats/index" for ::1 at 2020-06-19 16:51:13 -0400
Processing by CatsController#show as HTML
  Parameters: {"id"=>"index"}
  Rendering cats/show.html.erb within layouts/application
  Rendered cats/show.html.erb within layouts/application (3.7ms)
Completed 500 Internal Server Error in 15ms (ActiveRecord: 0.0ms)



ActionView::Template::Error - undefined method `name' for nil:NilClass:
  app/views/cats/show.html.erb:1:in `view template'

Started POST "/__better_errors/90687230e41abcab/variables" for ::1 at 2020-06-19 16:51:13 -0400
Started GET "/cats/index" for ::1 at 2020-06-19 16:51:22 -0400
Processing by CatsController#show as HTML
  Parameters: {"id"=>"index"}
  [1m[36mCat Load (0.2ms)[0m  [1m[34mSELECT  "cats".* FROM "cats" WHERE "cats"."id" = $1 LIMIT $2[0m  [["id", 0], ["LIMIT", 1]]
  ↳ app/controllers/cats_controller.rb:8
  Rendering cats/show.html.erb within layouts/application
  Rendered cats/show.html.erb within layouts/application (6.7ms)
Completed 500 Internal Server Error in 28ms (ActiveRecord: 1.7ms)



ActionView::Template::Error - undefined method `name' for nil:NilClass:
  app/views/cats/show.html.erb:1:in `view template'
  app/controllers/cats_controller.rb:9:in `show'

Started POST "/__better_errors/4acb24e6763ea09b/variables" for ::1 at 2020-06-19 16:51:22 -0400
Started GET "/cats/index" for ::1 at 2020-06-19 16:52:04 -0400
Processing by CatsController#show as HTML
  Parameters: {"id"=>"index"}
  [1m[36mCat Load (0.3ms)[0m  [1m[34mSELECT  "cats".* FROM "cats" WHERE "cats"."id" = $1 LIMIT $2[0m  [["id", 0], ["LIMIT", 1]]
  ↳ app/controllers/cats_controller.rb:8
  Rendering cats/show.html.erb within layouts/application
  Rendered cats/show.html.erb within layouts/application (4.2ms)
Completed 500 Internal Server Error in 14ms (ActiveRecord: 0.3ms)



ActionView::Template::Error - undefined method `name' for nil:NilClass:
  app/views/cats/show.html.erb:7:in `view template'
  app/controllers/cats_controller.rb:9:in `show'

Started POST "/__better_errors/5b87b7ad4eb42de7/variables" for ::1 at 2020-06-19 16:52:04 -0400
Started GET "/cats/index" for ::1 at 2020-06-19 16:52:06 -0400
Processing by CatsController#show as HTML
  Parameters: {"id"=>"index"}
  [1m[36mCat Load (0.3ms)[0m  [1m[34mSELECT  "cats".* FROM "cats" WHERE "cats"."id" = $1 LIMIT $2[0m  [["id", 0], ["LIMIT", 1]]
  ↳ app/controllers/cats_controller.rb:8
  Rendering cats/show.html.erb within layouts/application
  Rendered cats/show.html.erb within layouts/application (3.9ms)
Completed 500 Internal Server Error in 15ms (ActiveRecord: 0.3ms)



ActionView::Template::Error - undefined method `name' for nil:NilClass:
  app/views/cats/show.html.erb:7:in `view template'
  app/controllers/cats_controller.rb:9:in `show'

Started POST "/__better_errors/dcf9cd6a6c5aabf6/variables" for ::1 at 2020-06-19 16:52:06 -0400
Started GET "/cats" for ::1 at 2020-06-19 16:53:00 -0400
Processing by CatsController#index as HTML
  Rendering cats/index.html.erb within layouts/application
  [1m[36mCat Load (0.4ms)[0m  [1m[34mSELECT "cats".* FROM "cats"[0m
  ↳ app/views/cats/index.html.erb:2
  Rendered cats/index.html.erb within layouts/application (1.3ms)
Completed 200 OK in 15ms (Views: 13.6ms | ActiveRecord: 0.4ms)


Started GET "/cats" for ::1 at 2020-06-19 16:53:08 -0400
Processing by CatsController#index as HTML
  Rendering cats/index.html.erb within layouts/application
  [1m[36mCat Load (0.4ms)[0m  [1m[34mSELECT "cats".* FROM "cats"[0m
  ↳ app/views/cats/index.html.erb:2
  Rendered cats/index.html.erb within layouts/application (1.5ms)
Completed 200 OK in 16ms (Views: 15.4ms | ActiveRecord: 0.4ms)


Started GET "/cats" for ::1 at 2020-06-19 16:53:10 -0400
Processing by CatsController#index as HTML
  Rendering cats/index.html.erb within layouts/application
  [1m[36mCat Load (0.2ms)[0m  [1m[34mSELECT "cats".* FROM "cats"[0m
  ↳ app/views/cats/index.html.erb:2
  Rendered cats/index.html.erb within layouts/application (1.3ms)
Completed 200 OK in 16ms (Views: 14.8ms | ActiveRecord: 0.2ms)


Started GET "/cats" for ::1 at 2020-06-19 16:53:41 -0400
Processing by CatsController#index as HTML
  Rendering cats/index.html.erb within layouts/application
  [1m[36mCat Load (0.3ms)[0m  [1m[34mSELECT "cats".* FROM "cats"[0m
  ↳ app/views/cats/index.html.erb:4
  Rendered cats/index.html.erb within layouts/application (1.5ms)
Completed 200 OK in 13ms (Views: 11.7ms | ActiveRecord: 0.3ms)


Started GET "/cats" for ::1 at 2020-06-19 16:53:42 -0400
Processing by CatsController#index as HTML
  Rendering cats/index.html.erb within layouts/application
  [1m[36mCat Load (0.3ms)[0m  [1m[34mSELECT "cats".* FROM "cats"[0m
  ↳ app/views/cats/index.html.erb:4
  Rendered cats/index.html.erb within layouts/application (1.1ms)
Completed 200 OK in 11ms (Views: 10.7ms | ActiveRecord: 0.3ms)


Started GET "/cats" for ::1 at 2020-06-19 16:53:42 -0400
Processing by CatsController#index as HTML
  Rendering cats/index.html.erb within layouts/application
  [1m[36mCat Load (0.3ms)[0m  [1m[34mSELECT "cats".* FROM "cats"[0m
  ↳ app/views/cats/index.html.erb:4
  Rendered cats/index.html.erb within layouts/application (1.3ms)
Completed 200 OK in 13ms (Views: 12.4ms | ActiveRecord: 0.3ms)


Started GET "/cats" for ::1 at 2020-06-19 16:53:42 -0400
Processing by CatsController#index as HTML
  Rendering cats/index.html.erb within layouts/application
  [1m[36mCat Load (0.5ms)[0m  [1m[34mSELECT "cats".* FROM "cats"[0m
  ↳ app/views/cats/index.html.erb:4
  Rendered cats/index.html.erb within layouts/application (1.9ms)
Completed 200 OK in 16ms (Views: 14.5ms | ActiveRecord: 0.5ms)


Started GET "/cats" for ::1 at 2020-06-19 16:53:42 -0400
Processing by CatsController#index as HTML
  Rendering cats/index.html.erb within layouts/application
  [1m[36mCat Load (0.5ms)[0m  [1m[34mSELECT "cats".* FROM "cats"[0m
  ↳ app/views/cats/index.html.erb:4
  Rendered cats/index.html.erb within layouts/application (2.2ms)
Completed 200 OK in 18ms (Views: 16.9ms | ActiveRecord: 0.5ms)


Started GET "/cats" for ::1 at 2020-06-19 16:53:42 -0400
Processing by CatsController#index as HTML
  Rendering cats/index.html.erb within layouts/application
  [1m[36mCat Load (0.2ms)[0m  [1m[34mSELECT "cats".* FROM "cats"[0m
  ↳ app/views/cats/index.html.erb:4
  Rendered cats/index.html.erb within layouts/application (1.0ms)
Completed 200 OK in 12ms (Views: 11.2ms | ActiveRecord: 0.2ms)


Started GET "/cats" for ::1 at 2020-06-19 16:53:42 -0400
Processing by CatsController#index as HTML
  Rendering cats/index.html.erb within layouts/application
  [1m[36mCat Load (0.3ms)[0m  [1m[34mSELECT "cats".* FROM "cats"[0m
  ↳ app/views/cats/index.html.erb:4
  Rendered cats/index.html.erb within layouts/application (1.3ms)
Completed 200 OK in 14ms (Views: 12.8ms | ActiveRecord: 0.3ms)


Started GET "/cats" for ::1 at 2020-06-19 16:53:42 -0400
Processing by CatsController#index as HTML
  Rendering cats/index.html.erb within layouts/application
  [1m[36mCat Load (0.4ms)[0m  [1m[34mSELECT "cats".* FROM "cats"[0m
  ↳ app/views/cats/index.html.erb:4
  Rendered cats/index.html.erb within layouts/application (1.8ms)
Completed 200 OK in 13ms (Views: 12.6ms | ActiveRecord: 0.4ms)


Started GET "/cats" for ::1 at 2020-06-19 16:53:43 -0400
Processing by CatsController#index as HTML
  Rendering cats/index.html.erb within layouts/application
  [1m[36mCat Load (0.4ms)[0m  [1m[34mSELECT "cats".* FROM "cats"[0m
  ↳ app/views/cats/index.html.erb:4
  Rendered cats/index.html.erb within layouts/application (1.3ms)
Completed 200 OK in 20ms (Views: 19.2ms | ActiveRecord: 0.4ms)


Started GET "/cats/show" for ::1 at 2020-06-19 16:54:02 -0400
Processing by CatsController#show as HTML
  Parameters: {"id"=>"show"}
  [1m[36mCat Load (0.3ms)[0m  [1m[34mSELECT  "cats".* FROM "cats" WHERE "cats"."id" = $1 LIMIT $2[0m  [["id", 0], ["LIMIT", 1]]
  ↳ app/controllers/cats_controller.rb:8
  Rendering cats/show.html.erb within layouts/application
  Rendered cats/show.html.erb within layouts/application (4.1ms)
Completed 500 Internal Server Error in 16ms (ActiveRecord: 0.3ms)



ActionView::Template::Error - undefined method `name' for nil:NilClass:
  app/views/cats/show.html.erb:1:in `view template'
  app/controllers/cats_controller.rb:9:in `show'

Started POST "/__better_errors/cbafe9cf6460f15b/variables" for ::1 at 2020-06-19 16:54:02 -0400
Started GET "/cats/new" for ::1 at 2020-06-19 16:54:28 -0400
Processing by CatsController#new as HTML
  Rendering cats/new.html.erb within layouts/application
  Rendered cats/new.html.erb within layouts/application (0.3ms)
Completed 200 OK in 14ms (Views: 14.0ms | ActiveRecord: 0.0ms)


Started POST "/cat" for ::1 at 2020-06-19 16:54:49 -0400
  
ActionController::RoutingError (No route matches [POST] "/cat"):
  
actionpack (5.2.4.3) lib/action_dispatch/middleware/debug_exceptions.rb:65:in `call'
web-console (3.7.0) lib/web_console/middleware.rb:135:in `call_app'
web-console (3.7.0) lib/web_console/middleware.rb:30:in `block in call'
web-console (3.7.0) lib/web_console/middleware.rb:20:in `catch'
web-console (3.7.0) lib/web_console/middleware.rb:20:in `call'
actionpack (5.2.4.3) lib/action_dispatch/middleware/show_exceptions.rb:33:in `call'
railties (5.2.4.3) lib/rails/rack/logger.rb:38:in `call_app'
railties (5.2.4.3) lib/rails/rack/logger.rb:26:in `block in call'
activesupport (5.2.4.3) lib/active_support/tagged_logging.rb:71:in `block in tagged'
activesupport (5.2.4.3) lib/active_support/tagged_logging.rb:28:in `tagged'
activesupport (5.2.4.3) lib/active_support/tagged_logging.rb:71:in `tagged'
railties (5.2.4.3) lib/rails/rack/logger.rb:26:in `call'
sprockets-rails (3.2.1) lib/sprockets/rails/quiet_assets.rb:13:in `call'
actionpack (5.2.4.3) lib/action_dispatch/middleware/remote_ip.rb:81:in `call'
actionpack (5.2.4.3) lib/action_dispatch/middleware/request_id.rb:27:in `call'
rack (2.2.3) lib/rack/method_override.rb:24:in `call'
rack (2.2.3) lib/rack/runtime.rb:22:in `call'
activesupport (5.2.4.3) lib/active_support/cache/strategy/local_cache_middleware.rb:29:in `call'
actionpack (5.2.4.3) lib/action_dispatch/middleware/executor.rb:14:in `call'
actionpack (5.2.4.3) lib/action_dispatch/middleware/static.rb:127:in `call'
rack (2.2.3) lib/rack/sendfile.rb:110:in `call'
railties (5.2.4.3) lib/rails/engine.rb:524:in `call'
puma (3.12.6) lib/puma/configuration.rb:227:in `call'
puma (3.12.6) lib/puma/server.rb:706:in `handle_request'
puma (3.12.6) lib/puma/server.rb:476:in `process_client'
puma (3.12.6) lib/puma/server.rb:334:in `block in run'
puma (3.12.6) lib/puma/thread_pool.rb:135:in `block in spawn_thread'
Started POST "/cat" for ::1 at 2020-06-19 16:54:53 -0400
  
ActionController::RoutingError (No route matches [POST] "/cat"):
  
actionpack (5.2.4.3) lib/action_dispatch/middleware/debug_exceptions.rb:65:in `call'
web-console (3.7.0) lib/web_console/middleware.rb:135:in `call_app'
web-console (3.7.0) lib/web_console/middleware.rb:30:in `block in call'
web-console (3.7.0) lib/web_console/middleware.rb:20:in `catch'
web-console (3.7.0) lib/web_console/middleware.rb:20:in `call'
actionpack (5.2.4.3) lib/action_dispatch/middleware/show_exceptions.rb:33:in `call'
railties (5.2.4.3) lib/rails/rack/logger.rb:38:in `call_app'
railties (5.2.4.3) lib/rails/rack/logger.rb:26:in `block in call'
activesupport (5.2.4.3) lib/active_support/tagged_logging.rb:71:in `block in tagged'
activesupport (5.2.4.3) lib/active_support/tagged_logging.rb:28:in `tagged'
activesupport (5.2.4.3) lib/active_support/tagged_logging.rb:71:in `tagged'
railties (5.2.4.3) lib/rails/rack/logger.rb:26:in `call'
sprockets-rails (3.2.1) lib/sprockets/rails/quiet_assets.rb:13:in `call'
actionpack (5.2.4.3) lib/action_dispatch/middleware/remote_ip.rb:81:in `call'
actionpack (5.2.4.3) lib/action_dispatch/middleware/request_id.rb:27:in `call'
rack (2.2.3) lib/rack/method_override.rb:24:in `call'
rack (2.2.3) lib/rack/runtime.rb:22:in `call'
activesupport (5.2.4.3) lib/active_support/cache/strategy/local_cache_middleware.rb:29:in `call'
actionpack (5.2.4.3) lib/action_dispatch/middleware/executor.rb:14:in `call'
actionpack (5.2.4.3) lib/action_dispatch/middleware/static.rb:127:in `call'
rack (2.2.3) lib/rack/sendfile.rb:110:in `call'
railties (5.2.4.3) lib/rails/engine.rb:524:in `call'
puma (3.12.6) lib/puma/configuration.rb:227:in `call'
puma (3.12.6) lib/puma/server.rb:706:in `handle_request'
puma (3.12.6) lib/puma/server.rb:476:in `process_client'
puma (3.12.6) lib/puma/server.rb:334:in `block in run'
puma (3.12.6) lib/puma/thread_pool.rb:135:in `block in spawn_thread'
Started GET "/cats/new" for ::1 at 2020-06-19 17:02:25 -0400
Processing by CatsController#new as HTML
  Rendering cats/new.html.erb within layouts/application
  Rendered cats/new.html.erb within layouts/application (0.4ms)
Completed 200 OK in 11ms (Views: 10.7ms | ActiveRecord: 0.0ms)


Started GET "/cats/new" for ::1 at 2020-06-19 17:03:07 -0400
Processing by CatsController#new as HTML
  Rendering cats/new.html.erb within layouts/application
  Rendered cats/new.html.erb within layouts/application (0.3ms)
Completed 200 OK in 12ms (Views: 11.5ms | ActiveRecord: 0.0ms)


Started GET "/cats/new" for ::1 at 2020-06-19 17:07:30 -0400
Processing by CatsController#new as HTML
  Rendering cats/new.html.erb within layouts/application
  Rendered cats/new.html.erb within layouts/application (0.5ms)
Completed 200 OK in 15ms (Views: 14.5ms | ActiveRecord: 0.0ms)


Started GET "/cats/new" for ::1 at 2020-06-19 17:07:56 -0400
Processing by CatsController#new as HTML
  Rendering cats/new.html.erb within layouts/application
  Rendered cats/new.html.erb within layouts/application (0.3ms)
Completed 200 OK in 11ms (Views: 10.5ms | ActiveRecord: 0.0ms)


Started GET "/cats/new" for ::1 at 2020-06-19 17:07:57 -0400
Processing by CatsController#new as HTML
  Rendering cats/new.html.erb within layouts/application
  Rendered cats/new.html.erb within layouts/application (0.3ms)
Completed 200 OK in 12ms (Views: 11.6ms | ActiveRecord: 0.0ms)


Started GET "/cats/new" for ::1 at 2020-06-19 17:10:13 -0400
Processing by CatsController#new as HTML
  Rendering cats/new.html.erb within layouts/application
  Rendered cats/new.html.erb within layouts/application (0.3ms)
Completed 200 OK in 10ms (Views: 9.7ms | ActiveRecord: 0.0ms)


Started GET "/cats/new" for ::1 at 2020-06-19 17:13:02 -0400
Processing by CatsController#new as HTML
  Rendering cats/new.html.erb within layouts/application
  Rendered cats/new.html.erb within layouts/application (0.6ms)
Completed 200 OK in 14ms (Views: 13.6ms | ActiveRecord: 0.0ms)


Started GET "/cats/new" for ::1 at 2020-06-19 17:14:54 -0400
Processing by CatsController#new as HTML
  Rendering cats/new.html.erb within layouts/application
  Rendered cats/new.html.erb within layouts/application (0.3ms)
Completed 200 OK in 11ms (Views: 10.2ms | ActiveRecord: 0.0ms)


Started GET "/cats/new" for ::1 at 2020-06-19 17:15:33 -0400
Processing by CatsController#new as HTML
  Rendering cats/new.html.erb within layouts/application
  Rendered cats/new.html.erb within layouts/application (0.3ms)
Completed 200 OK in 15ms (Views: 14.2ms | ActiveRecord: 0.0ms)


Started GET "/cats/new" for ::1 at 2020-06-19 17:16:52 -0400
Processing by CatsController#new as HTML
  Rendering cats/new.html.erb within layouts/application
  Rendered cats/new.html.erb within layouts/application (0.2ms)
Completed 200 OK in 11ms (Views: 10.6ms | ActiveRecord: 0.0ms)


Started GET "/cats/new" for ::1 at 2020-06-19 17:16:53 -0400
Processing by CatsController#new as HTML
  Rendering cats/new.html.erb within layouts/application
  Rendered cats/new.html.erb within layouts/application (0.3ms)
Completed 200 OK in 12ms (Views: 11.0ms | ActiveRecord: 0.0ms)


Started GET "/cats/edit" for ::1 at 2020-06-19 17:29:17 -0400
Processing by CatsController#show as HTML
  Parameters: {"id"=>"edit"}
  [1m[36mCat Load (0.4ms)[0m  [1m[34mSELECT  "cats".* FROM "cats" WHERE "cats"."id" = $1 LIMIT $2[0m  [["id", 0], ["LIMIT", 1]]
  ↳ app/controllers/cats_controller.rb:8
  Rendering cats/show.html.erb within layouts/application
  Rendered cats/show.html.erb within layouts/application (3.5ms)
Completed 500 Internal Server Error in 14ms (ActiveRecord: 0.6ms)



ActionView::Template::Error - undefined method `name' for nil:NilClass:
  app/views/cats/show.html.erb:1:in `view template'
  app/controllers/cats_controller.rb:9:in `show'

Started POST "/__better_errors/f37c118dd1fdc025/variables" for ::1 at 2020-06-19 17:29:18 -0400
